INFO  21-05-11 22:34:27[restartedMain] [BoardExampleApplication:55] - Starting BoardExampleApplication using Java 1.8.0_191 on kiddingui-MacBook-Pro.local with PID 42594 (/Users/kidding/Documents/workspace-spring-tool-suite-4-4.6.1.RELEASE/boardExample/target/classes started by kidding in /Users/kidding/Documents/workspace-spring-tool-suite-4-4.6.1.RELEASE/boardExample)
INFO  21-05-11 22:34:28[restartedMain] [BoardExampleApplication:675] - No active profile set, falling back to default profiles: default
INFO  21-05-11 22:34:28[restartedMain] [DevToolsPropertyDefaultsPostProcessor:255] - Devtools property defaults active! Set 'spring.devtools.add-properties' to 'false' to disable
INFO  21-05-11 22:34:28[restartedMain] [DevToolsPropertyDefaultsPostProcessor:255] - For additional web related logging consider setting the 'logging.level.web' property to 'DEBUG'
INFO  21-05-11 22:34:29[restartedMain] [RepositoryConfigurationDelegate:128] - Bootstrapping Spring Data JPA repositories in DEFAULT mode.
INFO  21-05-11 22:34:29[restartedMain] [RepositoryConfigurationDelegate:188] - Finished Spring Data repository scanning in 62 ms. Found 1 JPA repository interfaces.
DEBUG 21-05-11 22:34:29[restartedMain] [LogFactory:105] - Logging initialized using 'class org.apache.ibatis.logging.slf4j.Slf4jImpl' adapter.
INFO  21-05-11 22:34:30[restartedMain] [TomcatWebServer:108] - Tomcat initialized with port(s): 8080 (http)
INFO  21-05-11 22:34:30[restartedMain] [Http11NioProtocol:173] - Initializing ProtocolHandler ["http-nio-8080"]
INFO  21-05-11 22:34:30[restartedMain] [StandardService:173] - Starting service [Tomcat]
INFO  21-05-11 22:34:30[restartedMain] [StandardEngine:173] - Starting Servlet engine: [Apache Tomcat/9.0.45]
INFO  21-05-11 22:34:30[restartedMain] [TldScanner:173] - At least one JAR was scanned for TLDs yet contained no TLDs. Enable debug logging for this logger for a complete list of JARs that were scanned but no TLDs were found in them. Skipping unneeded JARs during scanning can improve startup time and JSP compilation time.
INFO  21-05-11 22:34:30[restartedMain] [[/]:173] - Initializing Spring embedded WebApplicationContext
INFO  21-05-11 22:34:30[restartedMain] [ServletWebServerApplicationContext:289] - Root WebApplicationContext: initialization completed in 2406 ms
INFO  21-05-11 22:34:30[restartedMain] [HikariDataSource:110] - HikariPool-1 - Starting...
DEBUG 21-05-11 22:34:30[restartedMain] [sqltiming:368] -  com.zaxxer.hikari.pool.PoolBase.executeSql(PoolBase.java:577)
1. SELECT 1
 {executed in 0 msec}
INFO  21-05-11 22:34:30[restartedMain] [HikariDataSource:123] - HikariPool-1 - Start completed.
INFO  21-05-11 22:34:30[restartedMain] [LogHelper:31] - HHH000204: Processing PersistenceUnitInfo [name: default]
INFO  21-05-11 22:34:31[restartedMain] [Version:44] - HHH000412: Hibernate ORM core version 5.4.30.Final
INFO  21-05-11 22:34:31[restartedMain] [Version:56] - HCANN000001: Hibernate Commons Annotations {5.1.2.Final}
DEBUG 21-05-11 22:34:31[restartedMain] [sqltiming:368] -  com.zaxxer.hikari.pool.PoolBase.isConnectionAlive(PoolBase.java:169)
1. SELECT 1
 {executed in 0 msec}
INFO  21-05-11 22:34:31[restartedMain] [Dialect:175] - HHH000400: Using dialect: org.hibernate.dialect.MariaDB103Dialect
DEBUG 21-05-11 22:34:31[restartedMain] [sqltiming:368] -  com.zaxxer.hikari.pool.ProxyStatement.executeQuery(ProxyStatement.java:111)
1. select table_name from information_schema.TABLES where table_schema = database() and table_type = 'SEQUENCE'
 {executed in 12 msec}
INFO  21-05-11 22:34:32[restartedMain] [JtaPlatformInitiator:52] - HHH000490: Using JtaPlatform implementation: [org.hibernate.engine.transaction.jta.platform.internal.NoJtaPlatform]
INFO  21-05-11 22:34:32[restartedMain] [LocalContainerEntityManagerFactoryBean:437] - Initialized JPA EntityManagerFactory for persistence unit 'default'
DEBUG 21-05-11 22:34:32[restartedMain] [sqltiming:368] -  com.zaxxer.hikari.pool.PoolBase.isConnectionAlive(PoolBase.java:169)
1. SELECT 1
 {executed in 0 msec}
WARN  21-05-11 22:34:33[restartedMain] [JpaBaseConfiguration$JpaWebConfiguration:221] - spring.jpa.open-in-view is enabled by default. Therefore, database queries may be performed during view rendering. Explicitly configure spring.jpa.open-in-view to disable this warning
INFO  21-05-11 22:34:33[restartedMain] [ThreadPoolTaskExecutor:181] - Initializing ExecutorService 'applicationTaskExecutor'
WARN  21-05-11 22:34:33[restartedMain] [AnnotationConfigServletWebServerApplicationContext:591] - Exception encountered during context initialization - cancelling refresh attempt: org.springframework.beans.factory.BeanCreationException: Error creating bean with name 'requestMappingHandlerMapping' defined in class path resource [org/springframework/boot/autoconfigure/web/servlet/WebMvcAutoConfiguration$EnableWebMvcConfiguration.class]: Invocation of init method failed; nested exception is java.lang.IllegalStateException: Ambiguous mapping. Cannot map 'basicController' method 
org.gaiga.test.controller.BasicController#hello()
to {GET [/]}: There is already 'boardController' bean method
org.gaiga.controller.BoardController#list() mapped.
INFO  21-05-11 22:34:33[restartedMain] [ThreadPoolTaskExecutor:218] - Shutting down ExecutorService 'applicationTaskExecutor'
INFO  21-05-11 22:34:33[restartedMain] [LocalContainerEntityManagerFactoryBean:651] - Closing JPA EntityManagerFactory for persistence unit 'default'
INFO  21-05-11 22:34:33[restartedMain] [HikariDataSource:350] - HikariPool-1 - Shutdown initiated...
INFO  21-05-11 22:34:33[restartedMain] [HikariDataSource:352] - HikariPool-1 - Shutdown completed.
INFO  21-05-11 22:34:33[restartedMain] [StandardService:173] - Stopping service [Tomcat]
INFO  21-05-11 22:34:33[restartedMain] [ConditionEvaluationReportLoggingListener:136] - 

Error starting ApplicationContext. To display the conditions report re-run your application with 'debug' enabled.
ERROR 21-05-11 22:34:33[restartedMain] [SpringApplication:871] - Application run failed
org.springframework.beans.factory.BeanCreationException: Error creating bean with name 'requestMappingHandlerMapping' defined in class path resource [org/springframework/boot/autoconfigure/web/servlet/WebMvcAutoConfiguration$EnableWebMvcConfiguration.class]: Invocation of init method failed; nested exception is java.lang.IllegalStateException: Ambiguous mapping. Cannot map 'basicController' method 
org.gaiga.test.controller.BasicController#hello()
to {GET [/]}: There is already 'boardController' bean method
org.gaiga.controller.BoardController#list() mapped.
	at org.springframework.beans.factory.support.AbstractAutowireCapableBeanFactory.initializeBean(AbstractAutowireCapableBeanFactory.java:1786)
	at org.springframework.beans.factory.support.AbstractAutowireCapableBeanFactory.doCreateBean(AbstractAutowireCapableBeanFactory.java:602)
	at org.springframework.beans.factory.support.AbstractAutowireCapableBeanFactory.createBean(AbstractAutowireCapableBeanFactory.java:524)
	at org.springframework.beans.factory.support.AbstractBeanFactory.lambda$doGetBean$0(AbstractBeanFactory.java:335)
	at org.springframework.beans.factory.support.DefaultSingletonBeanRegistry.getSingleton(DefaultSingletonBeanRegistry.java:234)
	at org.springframework.beans.factory.support.AbstractBeanFactory.doGetBean(AbstractBeanFactory.java:333)
	at org.springframework.beans.factory.support.AbstractBeanFactory.getBean(AbstractBeanFactory.java:208)
	at org.springframework.beans.factory.support.DefaultListableBeanFactory.preInstantiateSingletons(DefaultListableBeanFactory.java:944)
	at org.springframework.context.support.AbstractApplicationContext.finishBeanFactoryInitialization(AbstractApplicationContext.java:918)
	at org.springframework.context.support.AbstractApplicationContext.refresh(AbstractApplicationContext.java:583)
	at org.springframework.boot.web.servlet.context.ServletWebServerApplicationContext.refresh(ServletWebServerApplicationContext.java:144)
	at org.springframework.boot.SpringApplication.refresh(SpringApplication.java:782)
	at org.springframework.boot.SpringApplication.refresh(SpringApplication.java:774)
	at org.springframework.boot.SpringApplication.refreshContext(SpringApplication.java:439)
	at org.springframework.boot.SpringApplication.run(SpringApplication.java:339)
	at org.springframework.boot.SpringApplication.run(SpringApplication.java:1340)
	at org.springframework.boot.SpringApplication.run(SpringApplication.java:1329)
	at org.gaiga.BoardExampleApplication.main(BoardExampleApplication.java:13)
	at sun.reflect.NativeMethodAccessorImpl.invoke0(Native Method)
	at sun.reflect.NativeMethodAccessorImpl.invoke(NativeMethodAccessorImpl.java:62)
	at sun.reflect.DelegatingMethodAccessorImpl.invoke(DelegatingMethodAccessorImpl.java:43)
	at java.lang.reflect.Method.invoke(Method.java:498)
	at org.springframework.boot.devtools.restart.RestartLauncher.run(RestartLauncher.java:49)
Caused by: java.lang.IllegalStateException: Ambiguous mapping. Cannot map 'basicController' method 
org.gaiga.test.controller.BasicController#hello()
to {GET [/]}: There is already 'boardController' bean method
org.gaiga.controller.BoardController#list() mapped.
	at org.springframework.web.servlet.handler.AbstractHandlerMethodMapping$MappingRegistry.validateMethodMapping(AbstractHandlerMethodMapping.java:662)
	at org.springframework.web.servlet.handler.AbstractHandlerMethodMapping$MappingRegistry.register(AbstractHandlerMethodMapping.java:628)
	at org.springframework.web.servlet.handler.AbstractHandlerMethodMapping.registerHandlerMethod(AbstractHandlerMethodMapping.java:328)
	at org.springframework.web.servlet.mvc.method.annotation.RequestMappingHandlerMapping.registerHandlerMethod(RequestMappingHandlerMapping.java:395)
	at org.springframework.web.servlet.mvc.method.annotation.RequestMappingHandlerMapping.registerHandlerMethod(RequestMappingHandlerMapping.java:76)
	at org.springframework.web.servlet.handler.AbstractHandlerMethodMapping.lambda$detectHandlerMethods$2(AbstractHandlerMethodMapping.java:298)
	at java.util.LinkedHashMap.forEach(LinkedHashMap.java:684)
	at org.springframework.web.servlet.handler.AbstractHandlerMethodMapping.detectHandlerMethods(AbstractHandlerMethodMapping.java:296)
	at org.springframework.web.servlet.handler.AbstractHandlerMethodMapping.processCandidateBean(AbstractHandlerMethodMapping.java:265)
	at org.springframework.web.servlet.handler.AbstractHandlerMethodMapping.initHandlerMethods(AbstractHandlerMethodMapping.java:224)
	at org.springframework.web.servlet.handler.AbstractHandlerMethodMapping.afterPropertiesSet(AbstractHandlerMethodMapping.java:212)
	at org.springframework.web.servlet.mvc.method.annotation.RequestMappingHandlerMapping.afterPropertiesSet(RequestMappingHandlerMapping.java:206)
	at org.springframework.beans.factory.support.AbstractAutowireCapableBeanFactory.invokeInitMethods(AbstractAutowireCapableBeanFactory.java:1845)
	at org.springframework.beans.factory.support.AbstractAutowireCapableBeanFactory.initializeBean(AbstractAutowireCapableBeanFactory.java:1782)
	... 22 common frames omitted
INFO  21-05-11 22:37:11[restartedMain] [BoardExampleApplication:55] - Starting BoardExampleApplication using Java 1.8.0_191 on kiddingui-MacBook-Pro.local with PID 42912 (/Users/kidding/Documents/workspace-spring-tool-suite-4-4.6.1.RELEASE/boardExample/target/classes started by kidding in /Users/kidding/Documents/workspace-spring-tool-suite-4-4.6.1.RELEASE/boardExample)
INFO  21-05-11 22:37:11[restartedMain] [BoardExampleApplication:675] - No active profile set, falling back to default profiles: default
INFO  21-05-11 22:37:12[restartedMain] [DevToolsPropertyDefaultsPostProcessor:255] - Devtools property defaults active! Set 'spring.devtools.add-properties' to 'false' to disable
INFO  21-05-11 22:37:12[restartedMain] [DevToolsPropertyDefaultsPostProcessor:255] - For additional web related logging consider setting the 'logging.level.web' property to 'DEBUG'
INFO  21-05-11 22:37:12[restartedMain] [RepositoryConfigurationDelegate:128] - Bootstrapping Spring Data JPA repositories in DEFAULT mode.
INFO  21-05-11 22:37:12[restartedMain] [RepositoryConfigurationDelegate:188] - Finished Spring Data repository scanning in 43 ms. Found 1 JPA repository interfaces.
DEBUG 21-05-11 22:37:13[restartedMain] [LogFactory:105] - Logging initialized using 'class org.apache.ibatis.logging.slf4j.Slf4jImpl' adapter.
INFO  21-05-11 22:37:13[restartedMain] [TomcatWebServer:108] - Tomcat initialized with port(s): 8080 (http)
INFO  21-05-11 22:37:13[restartedMain] [Http11NioProtocol:173] - Initializing ProtocolHandler ["http-nio-8080"]
INFO  21-05-11 22:37:13[restartedMain] [StandardService:173] - Starting service [Tomcat]
INFO  21-05-11 22:37:13[restartedMain] [StandardEngine:173] - Starting Servlet engine: [Apache Tomcat/9.0.45]
INFO  21-05-11 22:37:13[restartedMain] [TldScanner:173] - At least one JAR was scanned for TLDs yet contained no TLDs. Enable debug logging for this logger for a complete list of JARs that were scanned but no TLDs were found in them. Skipping unneeded JARs during scanning can improve startup time and JSP compilation time.
INFO  21-05-11 22:37:13[restartedMain] [[/]:173] - Initializing Spring embedded WebApplicationContext
INFO  21-05-11 22:37:13[restartedMain] [ServletWebServerApplicationContext:289] - Root WebApplicationContext: initialization completed in 1729 ms
INFO  21-05-11 22:37:13[restartedMain] [HikariDataSource:110] - HikariPool-1 - Starting...
DEBUG 21-05-11 22:37:13[restartedMain] [sqltiming:368] -  com.zaxxer.hikari.pool.PoolBase.executeSql(PoolBase.java:577)
1. SELECT 1
 {executed in 0 msec}
INFO  21-05-11 22:37:13[restartedMain] [HikariDataSource:123] - HikariPool-1 - Start completed.
INFO  21-05-11 22:37:14[restartedMain] [LogHelper:31] - HHH000204: Processing PersistenceUnitInfo [name: default]
INFO  21-05-11 22:37:14[restartedMain] [Version:44] - HHH000412: Hibernate ORM core version 5.4.30.Final
INFO  21-05-11 22:37:14[restartedMain] [Version:56] - HCANN000001: Hibernate Commons Annotations {5.1.2.Final}
INFO  21-05-11 22:37:14[restartedMain] [Dialect:175] - HHH000400: Using dialect: org.hibernate.dialect.MariaDB103Dialect
DEBUG 21-05-11 22:37:14[restartedMain] [sqltiming:368] -  com.zaxxer.hikari.pool.ProxyStatement.executeQuery(ProxyStatement.java:111)
1. select table_name from information_schema.TABLES where table_schema = database() and table_type = 'SEQUENCE'
 {executed in 1 msec}
INFO  21-05-11 22:37:15[restartedMain] [JtaPlatformInitiator:52] - HHH000490: Using JtaPlatform implementation: [org.hibernate.engine.transaction.jta.platform.internal.NoJtaPlatform]
INFO  21-05-11 22:37:15[restartedMain] [LocalContainerEntityManagerFactoryBean:437] - Initialized JPA EntityManagerFactory for persistence unit 'default'
DEBUG 21-05-11 22:37:15[restartedMain] [sqltiming:368] -  com.zaxxer.hikari.pool.PoolBase.isConnectionAlive(PoolBase.java:169)
1. SELECT 1
 {executed in 0 msec}
WARN  21-05-11 22:37:15[restartedMain] [JpaBaseConfiguration$JpaWebConfiguration:221] - spring.jpa.open-in-view is enabled by default. Therefore, database queries may be performed during view rendering. Explicitly configure spring.jpa.open-in-view to disable this warning
INFO  21-05-11 22:37:15[restartedMain] [ThreadPoolTaskExecutor:181] - Initializing ExecutorService 'applicationTaskExecutor'
INFO  21-05-11 22:37:15[restartedMain] [WelcomePageHandlerMapping:53] - Adding welcome page: class path resource [static/index.html]
INFO  21-05-11 22:37:16[restartedMain] [OptionalLiveReloadServer:58] - LiveReload server is running on port 35729
INFO  21-05-11 22:37:16[restartedMain] [Http11NioProtocol:173] - Starting ProtocolHandler ["http-nio-8080"]
INFO  21-05-11 22:37:16[restartedMain] [TomcatWebServer:220] - Tomcat started on port(s): 8080 (http) with context path ''
INFO  21-05-11 22:37:16[restartedMain] [BoardExampleApplication:61] - Started BoardExampleApplication in 4.918 seconds (JVM running for 5.811)
INFO  21-05-11 22:37:22[http-nio-8080-exec-1] [[/]:173] - Initializing Spring DispatcherServlet 'dispatcherServlet'
INFO  21-05-11 22:37:22[http-nio-8080-exec-1] [DispatcherServlet:525] - Initializing Servlet 'dispatcherServlet'
INFO  21-05-11 22:37:22[http-nio-8080-exec-1] [DispatcherServlet:547] - Completed initialization in 2 ms
INFO  21-05-11 22:49:01[Thread-7] [ThreadPoolTaskExecutor:218] - Shutting down ExecutorService 'applicationTaskExecutor'
INFO  21-05-11 22:49:01[Thread-7] [LocalContainerEntityManagerFactoryBean:651] - Closing JPA EntityManagerFactory for persistence unit 'default'
INFO  21-05-11 22:49:01[Thread-7] [HikariDataSource:350] - HikariPool-1 - Shutdown initiated...
INFO  21-05-11 22:49:01[Thread-7] [HikariDataSource:352] - HikariPool-1 - Shutdown completed.
INFO  21-05-11 22:49:01[restartedMain] [BoardExampleApplication:55] - Starting BoardExampleApplication using Java 1.8.0_191 on kiddingui-MacBook-Pro.local with PID 42912 (/Users/kidding/Documents/workspace-spring-tool-suite-4-4.6.1.RELEASE/boardExample/target/classes started by kidding in /Users/kidding/Documents/workspace-spring-tool-suite-4-4.6.1.RELEASE/boardExample)
INFO  21-05-11 22:49:01[restartedMain] [BoardExampleApplication:675] - No active profile set, falling back to default profiles: default
INFO  21-05-11 22:49:01[restartedMain] [RepositoryConfigurationDelegate:128] - Bootstrapping Spring Data JPA repositories in DEFAULT mode.
INFO  21-05-11 22:49:01[restartedMain] [RepositoryConfigurationDelegate:188] - Finished Spring Data repository scanning in 13 ms. Found 1 JPA repository interfaces.
INFO  21-05-11 22:49:02[restartedMain] [TomcatWebServer:108] - Tomcat initialized with port(s): 8080 (http)
INFO  21-05-11 22:49:02[restartedMain] [Http11NioProtocol:173] - Initializing ProtocolHandler ["http-nio-8080"]
INFO  21-05-11 22:49:02[restartedMain] [StandardService:173] - Starting service [Tomcat]
INFO  21-05-11 22:49:02[restartedMain] [StandardEngine:173] - Starting Servlet engine: [Apache Tomcat/9.0.45]
INFO  21-05-11 22:49:02[restartedMain] [TldScanner:173] - At least one JAR was scanned for TLDs yet contained no TLDs. Enable debug logging for this logger for a complete list of JARs that were scanned but no TLDs were found in them. Skipping unneeded JARs during scanning can improve startup time and JSP compilation time.
INFO  21-05-11 22:49:02[restartedMain] [[/]:173] - Initializing Spring embedded WebApplicationContext
INFO  21-05-11 22:49:02[restartedMain] [ServletWebServerApplicationContext:289] - Root WebApplicationContext: initialization completed in 484 ms
INFO  21-05-11 22:49:02[restartedMain] [HikariDataSource:110] - HikariPool-2 - Starting...
DEBUG 21-05-11 22:49:02[restartedMain] [sqltiming:368] -  com.zaxxer.hikari.pool.PoolBase.executeSql(PoolBase.java:577)
11. SELECT 1
 {executed in 0 msec}
INFO  21-05-11 22:49:02[restartedMain] [HikariDataSource:123] - HikariPool-2 - Start completed.
INFO  21-05-11 22:49:02[restartedMain] [LogHelper:31] - HHH000204: Processing PersistenceUnitInfo [name: default]
INFO  21-05-11 22:49:02[restartedMain] [Dialect:175] - HHH000400: Using dialect: org.hibernate.dialect.MariaDB103Dialect
DEBUG 21-05-11 22:49:02[restartedMain] [sqltiming:368] -  com.zaxxer.hikari.pool.ProxyStatement.executeQuery(ProxyStatement.java:111)
11. select table_name from information_schema.TABLES where table_schema = database() and table_type = 'SEQUENCE'
 {executed in 1 msec}
INFO  21-05-11 22:49:02[restartedMain] [JtaPlatformInitiator:52] - HHH000490: Using JtaPlatform implementation: [org.hibernate.engine.transaction.jta.platform.internal.NoJtaPlatform]
INFO  21-05-11 22:49:02[restartedMain] [LocalContainerEntityManagerFactoryBean:437] - Initialized JPA EntityManagerFactory for persistence unit 'default'
WARN  21-05-11 22:49:02[restartedMain] [JpaBaseConfiguration$JpaWebConfiguration:221] - spring.jpa.open-in-view is enabled by default. Therefore, database queries may be performed during view rendering. Explicitly configure spring.jpa.open-in-view to disable this warning
INFO  21-05-11 22:49:02[restartedMain] [ThreadPoolTaskExecutor:181] - Initializing ExecutorService 'applicationTaskExecutor'
INFO  21-05-11 22:49:02[restartedMain] [WelcomePageHandlerMapping:53] - Adding welcome page: class path resource [static/index.html]
INFO  21-05-11 22:49:02[restartedMain] [OptionalLiveReloadServer:58] - LiveReload server is running on port 35729
INFO  21-05-11 22:49:02[restartedMain] [Http11NioProtocol:173] - Starting ProtocolHandler ["http-nio-8080"]
INFO  21-05-11 22:49:02[restartedMain] [TomcatWebServer:220] - Tomcat started on port(s): 8080 (http) with context path ''
INFO  21-05-11 22:49:02[restartedMain] [BoardExampleApplication:61] - Started BoardExampleApplication in 1.187 seconds (JVM running for 712.178)
INFO  21-05-11 22:49:02[restartedMain] [ConditionEvaluationDeltaLoggingListener:63] - Condition evaluation unchanged
INFO  21-05-11 22:49:11[Thread-10] [ThreadPoolTaskExecutor:218] - Shutting down ExecutorService 'applicationTaskExecutor'
INFO  21-05-11 22:49:11[Thread-10] [LocalContainerEntityManagerFactoryBean:651] - Closing JPA EntityManagerFactory for persistence unit 'default'
INFO  21-05-11 22:49:11[Thread-10] [HikariDataSource:350] - HikariPool-2 - Shutdown initiated...
INFO  21-05-11 22:49:11[Thread-10] [HikariDataSource:352] - HikariPool-2 - Shutdown completed.
INFO  21-05-11 22:49:11[restartedMain] [BoardExampleApplication:55] - Starting BoardExampleApplication using Java 1.8.0_191 on kiddingui-MacBook-Pro.local with PID 42912 (/Users/kidding/Documents/workspace-spring-tool-suite-4-4.6.1.RELEASE/boardExample/target/classes started by kidding in /Users/kidding/Documents/workspace-spring-tool-suite-4-4.6.1.RELEASE/boardExample)
INFO  21-05-11 22:49:11[restartedMain] [BoardExampleApplication:675] - No active profile set, falling back to default profiles: default
INFO  21-05-11 22:49:11[restartedMain] [RepositoryConfigurationDelegate:128] - Bootstrapping Spring Data JPA repositories in DEFAULT mode.
INFO  21-05-11 22:49:11[restartedMain] [RepositoryConfigurationDelegate:188] - Finished Spring Data repository scanning in 9 ms. Found 1 JPA repository interfaces.
INFO  21-05-11 22:49:11[restartedMain] [TomcatWebServer:108] - Tomcat initialized with port(s): 8080 (http)
INFO  21-05-11 22:49:11[restartedMain] [Http11NioProtocol:173] - Initializing ProtocolHandler ["http-nio-8080"]
INFO  21-05-11 22:49:11[restartedMain] [StandardService:173] - Starting service [Tomcat]
INFO  21-05-11 22:49:11[restartedMain] [StandardEngine:173] - Starting Servlet engine: [Apache Tomcat/9.0.45]
INFO  21-05-11 22:49:11[restartedMain] [TldScanner:173] - At least one JAR was scanned for TLDs yet contained no TLDs. Enable debug logging for this logger for a complete list of JARs that were scanned but no TLDs were found in them. Skipping unneeded JARs during scanning can improve startup time and JSP compilation time.
INFO  21-05-11 22:49:11[restartedMain] [[/]:173] - Initializing Spring embedded WebApplicationContext
INFO  21-05-11 22:49:11[restartedMain] [ServletWebServerApplicationContext:289] - Root WebApplicationContext: initialization completed in 334 ms
INFO  21-05-11 22:49:11[restartedMain] [HikariDataSource:110] - HikariPool-3 - Starting...
DEBUG 21-05-11 22:49:11[restartedMain] [sqltiming:368] -  com.zaxxer.hikari.pool.PoolBase.executeSql(PoolBase.java:577)
21. SELECT 1
 {executed in 0 msec}
INFO  21-05-11 22:49:11[restartedMain] [HikariDataSource:123] - HikariPool-3 - Start completed.
INFO  21-05-11 22:49:11[restartedMain] [LogHelper:31] - HHH000204: Processing PersistenceUnitInfo [name: default]
INFO  21-05-11 22:49:11[restartedMain] [Dialect:175] - HHH000400: Using dialect: org.hibernate.dialect.MariaDB103Dialect
DEBUG 21-05-11 22:49:11[restartedMain] [sqltiming:368] -  com.zaxxer.hikari.pool.ProxyStatement.executeQuery(ProxyStatement.java:111)
21. select table_name from information_schema.TABLES where table_schema = database() and table_type = 'SEQUENCE'
 {executed in 1 msec}
INFO  21-05-11 22:49:11[restartedMain] [JtaPlatformInitiator:52] - HHH000490: Using JtaPlatform implementation: [org.hibernate.engine.transaction.jta.platform.internal.NoJtaPlatform]
INFO  21-05-11 22:49:11[restartedMain] [LocalContainerEntityManagerFactoryBean:437] - Initialized JPA EntityManagerFactory for persistence unit 'default'
WARN  21-05-11 22:49:11[restartedMain] [JpaBaseConfiguration$JpaWebConfiguration:221] - spring.jpa.open-in-view is enabled by default. Therefore, database queries may be performed during view rendering. Explicitly configure spring.jpa.open-in-view to disable this warning
INFO  21-05-11 22:49:11[restartedMain] [ThreadPoolTaskExecutor:181] - Initializing ExecutorService 'applicationTaskExecutor'
INFO  21-05-11 22:49:11[restartedMain] [WelcomePageHandlerMapping:53] - Adding welcome page: class path resource [static/index.html]
INFO  21-05-11 22:49:12[restartedMain] [OptionalLiveReloadServer:58] - LiveReload server is running on port 35729
INFO  21-05-11 22:49:12[restartedMain] [Http11NioProtocol:173] - Starting ProtocolHandler ["http-nio-8080"]
INFO  21-05-11 22:49:12[restartedMain] [TomcatWebServer:220] - Tomcat started on port(s): 8080 (http) with context path ''
INFO  21-05-11 22:49:12[restartedMain] [BoardExampleApplication:61] - Started BoardExampleApplication in 0.779 seconds (JVM running for 721.608)
INFO  21-05-11 22:49:12[restartedMain] [ConditionEvaluationDeltaLoggingListener:63] - Condition evaluation unchanged
INFO  21-05-11 22:50:36[Thread-15] [ThreadPoolTaskExecutor:218] - Shutting down ExecutorService 'applicationTaskExecutor'
INFO  21-05-11 22:50:36[Thread-15] [LocalContainerEntityManagerFactoryBean:651] - Closing JPA EntityManagerFactory for persistence unit 'default'
INFO  21-05-11 22:50:36[Thread-15] [HikariDataSource:350] - HikariPool-3 - Shutdown initiated...
INFO  21-05-11 22:50:36[Thread-15] [HikariDataSource:352] - HikariPool-3 - Shutdown completed.
INFO  21-05-11 22:50:36[restartedMain] [BoardExampleApplication:55] - Starting BoardExampleApplication using Java 1.8.0_191 on kiddingui-MacBook-Pro.local with PID 42912 (/Users/kidding/Documents/workspace-spring-tool-suite-4-4.6.1.RELEASE/boardExample/target/classes started by kidding in /Users/kidding/Documents/workspace-spring-tool-suite-4-4.6.1.RELEASE/boardExample)
INFO  21-05-11 22:50:36[restartedMain] [BoardExampleApplication:675] - No active profile set, falling back to default profiles: default
INFO  21-05-11 22:50:36[restartedMain] [RepositoryConfigurationDelegate:128] - Bootstrapping Spring Data JPA repositories in DEFAULT mode.
INFO  21-05-11 22:50:36[restartedMain] [RepositoryConfigurationDelegate:188] - Finished Spring Data repository scanning in 12 ms. Found 1 JPA repository interfaces.
INFO  21-05-11 22:50:36[restartedMain] [TomcatWebServer:108] - Tomcat initialized with port(s): 8080 (http)
INFO  21-05-11 22:50:36[restartedMain] [Http11NioProtocol:173] - Initializing ProtocolHandler ["http-nio-8080"]
INFO  21-05-11 22:50:36[restartedMain] [StandardService:173] - Starting service [Tomcat]
INFO  21-05-11 22:50:36[restartedMain] [StandardEngine:173] - Starting Servlet engine: [Apache Tomcat/9.0.45]
INFO  21-05-11 22:50:36[restartedMain] [TldScanner:173] - At least one JAR was scanned for TLDs yet contained no TLDs. Enable debug logging for this logger for a complete list of JARs that were scanned but no TLDs were found in them. Skipping unneeded JARs during scanning can improve startup time and JSP compilation time.
INFO  21-05-11 22:50:36[restartedMain] [[/]:173] - Initializing Spring embedded WebApplicationContext
INFO  21-05-11 22:50:36[restartedMain] [ServletWebServerApplicationContext:289] - Root WebApplicationContext: initialization completed in 322 ms
INFO  21-05-11 22:50:36[restartedMain] [HikariDataSource:110] - HikariPool-4 - Starting...
DEBUG 21-05-11 22:50:36[restartedMain] [sqltiming:368] -  com.zaxxer.hikari.pool.PoolBase.executeSql(PoolBase.java:577)
31. SELECT 1
 {executed in 0 msec}
INFO  21-05-11 22:50:36[restartedMain] [HikariDataSource:123] - HikariPool-4 - Start completed.
INFO  21-05-11 22:50:36[restartedMain] [LogHelper:31] - HHH000204: Processing PersistenceUnitInfo [name: default]
INFO  21-05-11 22:50:36[restartedMain] [Dialect:175] - HHH000400: Using dialect: org.hibernate.dialect.MariaDB103Dialect
DEBUG 21-05-11 22:50:36[restartedMain] [sqltiming:368] -  com.zaxxer.hikari.pool.ProxyStatement.executeQuery(ProxyStatement.java:111)
31. select table_name from information_schema.TABLES where table_schema = database() and table_type = 'SEQUENCE'
 {executed in 0 msec}
ERROR 21-05-11 22:50:36[restartedMain] [LocalContainerEntityManagerFactoryBean:426] - Failed to initialize JPA EntityManagerFactory: No identifier specified for entity: org.gaiga.domain.entity.Board
WARN  21-05-11 22:50:36[restartedMain] [AnnotationConfigServletWebServerApplicationContext:591] - Exception encountered during context initialization - cancelling refresh attempt: org.springframework.beans.factory.BeanCreationException: Error creating bean with name 'entityManagerFactory' defined in class path resource [org/springframework/boot/autoconfigure/orm/jpa/HibernateJpaConfiguration.class]: Invocation of init method failed; nested exception is org.hibernate.AnnotationException: No identifier specified for entity: org.gaiga.domain.entity.Board
INFO  21-05-11 22:50:36[restartedMain] [HikariDataSource:350] - HikariPool-4 - Shutdown initiated...
INFO  21-05-11 22:50:36[restartedMain] [HikariDataSource:352] - HikariPool-4 - Shutdown completed.
INFO  21-05-11 22:50:36[restartedMain] [StandardService:173] - Stopping service [Tomcat]
INFO  21-05-11 22:50:36[restartedMain] [ConditionEvaluationReportLoggingListener:136] - 

Error starting ApplicationContext. To display the conditions report re-run your application with 'debug' enabled.
ERROR 21-05-11 22:50:36[restartedMain] [SpringApplication:871] - Application run failed
org.springframework.beans.factory.BeanCreationException: Error creating bean with name 'entityManagerFactory' defined in class path resource [org/springframework/boot/autoconfigure/orm/jpa/HibernateJpaConfiguration.class]: Invocation of init method failed; nested exception is org.hibernate.AnnotationException: No identifier specified for entity: org.gaiga.domain.entity.Board
	at org.springframework.beans.factory.support.AbstractAutowireCapableBeanFactory.initializeBean(AbstractAutowireCapableBeanFactory.java:1786)
	at org.springframework.beans.factory.support.AbstractAutowireCapableBeanFactory.doCreateBean(AbstractAutowireCapableBeanFactory.java:602)
	at org.springframework.beans.factory.support.AbstractAutowireCapableBeanFactory.createBean(AbstractAutowireCapableBeanFactory.java:524)
	at org.springframework.beans.factory.support.AbstractBeanFactory.lambda$doGetBean$0(AbstractBeanFactory.java:335)
	at org.springframework.beans.factory.support.DefaultSingletonBeanRegistry.getSingleton(DefaultSingletonBeanRegistry.java:234)
	at org.springframework.beans.factory.support.AbstractBeanFactory.doGetBean(AbstractBeanFactory.java:333)
	at org.springframework.beans.factory.support.AbstractBeanFactory.getBean(AbstractBeanFactory.java:208)
	at org.springframework.context.support.AbstractApplicationContext.getBean(AbstractApplicationContext.java:1154)
	at org.springframework.context.support.AbstractApplicationContext.finishBeanFactoryInitialization(AbstractApplicationContext.java:908)
	at org.springframework.context.support.AbstractApplicationContext.refresh(AbstractApplicationContext.java:583)
	at org.springframework.boot.web.servlet.context.ServletWebServerApplicationContext.refresh(ServletWebServerApplicationContext.java:144)
	at org.springframework.boot.SpringApplication.refresh(SpringApplication.java:782)
	at org.springframework.boot.SpringApplication.refresh(SpringApplication.java:774)
	at org.springframework.boot.SpringApplication.refreshContext(SpringApplication.java:439)
	at org.springframework.boot.SpringApplication.run(SpringApplication.java:339)
	at org.springframework.boot.SpringApplication.run(SpringApplication.java:1340)
	at org.springframework.boot.SpringApplication.run(SpringApplication.java:1329)
	at org.gaiga.BoardExampleApplication.main(BoardExampleApplication.java:13)
	at sun.reflect.NativeMethodAccessorImpl.invoke0(Native Method)
	at sun.reflect.NativeMethodAccessorImpl.invoke(NativeMethodAccessorImpl.java:62)
	at sun.reflect.DelegatingMethodAccessorImpl.invoke(DelegatingMethodAccessorImpl.java:43)
	at java.lang.reflect.Method.invoke(Method.java:498)
	at org.springframework.boot.devtools.restart.RestartLauncher.run(RestartLauncher.java:49)
Caused by: org.hibernate.AnnotationException: No identifier specified for entity: org.gaiga.domain.entity.Board
	at org.hibernate.cfg.InheritanceState.determineDefaultAccessType(InheritanceState.java:266)
	at org.hibernate.cfg.InheritanceState.getElementsToProcess(InheritanceState.java:211)
	at org.hibernate.cfg.AnnotationBinder.bindClass(AnnotationBinder.java:785)
	at org.hibernate.boot.model.source.internal.annotations.AnnotationMetadataSourceProcessorImpl.processEntityHierarchies(AnnotationMetadataSourceProcessorImpl.java:248)
	at org.hibernate.boot.model.process.spi.MetadataBuildingProcess$1.processEntityHierarchies(MetadataBuildingProcess.java:239)
	at org.hibernate.boot.model.process.spi.MetadataBuildingProcess.complete(MetadataBuildingProcess.java:282)
	at org.hibernate.jpa.boot.internal.EntityManagerFactoryBuilderImpl.metadata(EntityManagerFactoryBuilderImpl.java:1224)
	at org.hibernate.jpa.boot.internal.EntityManagerFactoryBuilderImpl.build(EntityManagerFactoryBuilderImpl.java:1255)
	at org.springframework.orm.jpa.vendor.SpringHibernateJpaPersistenceProvider.createContainerEntityManagerFactory(SpringHibernateJpaPersistenceProvider.java:58)
	at org.springframework.orm.jpa.LocalContainerEntityManagerFactoryBean.createNativeEntityManagerFactory(LocalContainerEntityManagerFactoryBean.java:365)
	at org.springframework.orm.jpa.AbstractEntityManagerFactoryBean.buildNativeEntityManagerFactory(AbstractEntityManagerFactoryBean.java:409)
	at org.springframework.orm.jpa.AbstractEntityManagerFactoryBean.afterPropertiesSet(AbstractEntityManagerFactoryBean.java:396)
	at org.springframework.orm.jpa.LocalContainerEntityManagerFactoryBean.afterPropertiesSet(LocalContainerEntityManagerFactoryBean.java:341)
	at org.springframework.beans.factory.support.AbstractAutowireCapableBeanFactory.invokeInitMethods(AbstractAutowireCapableBeanFactory.java:1845)
	at org.springframework.beans.factory.support.AbstractAutowireCapableBeanFactory.initializeBean(AbstractAutowireCapableBeanFactory.java:1782)
	... 22 common frames omitted
INFO  21-05-11 22:52:26[restartedMain] [BoardExampleApplication:55] - Starting BoardExampleApplication using Java 1.8.0_191 on kiddingui-MacBook-Pro.local with PID 42912 (/Users/kidding/Documents/workspace-spring-tool-suite-4-4.6.1.RELEASE/boardExample/target/classes started by kidding in /Users/kidding/Documents/workspace-spring-tool-suite-4-4.6.1.RELEASE/boardExample)
INFO  21-05-11 22:52:26[restartedMain] [BoardExampleApplication:675] - No active profile set, falling back to default profiles: default
INFO  21-05-11 22:52:26[restartedMain] [RepositoryConfigurationDelegate:128] - Bootstrapping Spring Data JPA repositories in DEFAULT mode.
INFO  21-05-11 22:52:26[restartedMain] [RepositoryConfigurationDelegate:188] - Finished Spring Data repository scanning in 6 ms. Found 1 JPA repository interfaces.
INFO  21-05-11 22:52:26[restartedMain] [TomcatWebServer:108] - Tomcat initialized with port(s): 8080 (http)
INFO  21-05-11 22:52:26[restartedMain] [Http11NioProtocol:173] - Initializing ProtocolHandler ["http-nio-8080"]
INFO  21-05-11 22:52:26[restartedMain] [StandardService:173] - Starting service [Tomcat]
INFO  21-05-11 22:52:26[restartedMain] [StandardEngine:173] - Starting Servlet engine: [Apache Tomcat/9.0.45]
INFO  21-05-11 22:52:26[restartedMain] [TldScanner:173] - At least one JAR was scanned for TLDs yet contained no TLDs. Enable debug logging for this logger for a complete list of JARs that were scanned but no TLDs were found in them. Skipping unneeded JARs during scanning can improve startup time and JSP compilation time.
INFO  21-05-11 22:52:26[restartedMain] [[/]:173] - Initializing Spring embedded WebApplicationContext
INFO  21-05-11 22:52:26[restartedMain] [ServletWebServerApplicationContext:289] - Root WebApplicationContext: initialization completed in 327 ms
INFO  21-05-11 22:52:26[restartedMain] [HikariDataSource:110] - HikariPool-5 - Starting...
DEBUG 21-05-11 22:52:26[restartedMain] [sqltiming:368] -  com.zaxxer.hikari.pool.PoolBase.executeSql(PoolBase.java:577)
32. SELECT 1
 {executed in 0 msec}
INFO  21-05-11 22:52:26[restartedMain] [HikariDataSource:123] - HikariPool-5 - Start completed.
INFO  21-05-11 22:52:26[restartedMain] [LogHelper:31] - HHH000204: Processing PersistenceUnitInfo [name: default]
INFO  21-05-11 22:52:26[restartedMain] [Dialect:175] - HHH000400: Using dialect: org.hibernate.dialect.MariaDB103Dialect
DEBUG 21-05-11 22:52:26[restartedMain] [sqltiming:368] -  com.zaxxer.hikari.pool.ProxyStatement.executeQuery(ProxyStatement.java:111)
32. select table_name from information_schema.TABLES where table_schema = database() and table_type = 'SEQUENCE'
 {executed in 1 msec}
ERROR 21-05-11 22:52:26[restartedMain] [LocalContainerEntityManagerFactoryBean:426] - Failed to initialize JPA EntityManagerFactory: No identifier specified for entity: org.gaiga.domain.entity.Board
WARN  21-05-11 22:52:26[restartedMain] [AnnotationConfigServletWebServerApplicationContext:591] - Exception encountered during context initialization - cancelling refresh attempt: org.springframework.beans.factory.BeanCreationException: Error creating bean with name 'entityManagerFactory' defined in class path resource [org/springframework/boot/autoconfigure/orm/jpa/HibernateJpaConfiguration.class]: Invocation of init method failed; nested exception is org.hibernate.AnnotationException: No identifier specified for entity: org.gaiga.domain.entity.Board
INFO  21-05-11 22:52:26[restartedMain] [HikariDataSource:350] - HikariPool-5 - Shutdown initiated...
INFO  21-05-11 22:52:26[restartedMain] [HikariDataSource:352] - HikariPool-5 - Shutdown completed.
INFO  21-05-11 22:52:26[restartedMain] [StandardService:173] - Stopping service [Tomcat]
INFO  21-05-11 22:52:26[restartedMain] [ConditionEvaluationReportLoggingListener:136] - 

Error starting ApplicationContext. To display the conditions report re-run your application with 'debug' enabled.
ERROR 21-05-11 22:52:26[restartedMain] [SpringApplication:871] - Application run failed
org.springframework.beans.factory.BeanCreationException: Error creating bean with name 'entityManagerFactory' defined in class path resource [org/springframework/boot/autoconfigure/orm/jpa/HibernateJpaConfiguration.class]: Invocation of init method failed; nested exception is org.hibernate.AnnotationException: No identifier specified for entity: org.gaiga.domain.entity.Board
	at org.springframework.beans.factory.support.AbstractAutowireCapableBeanFactory.initializeBean(AbstractAutowireCapableBeanFactory.java:1786)
	at org.springframework.beans.factory.support.AbstractAutowireCapableBeanFactory.doCreateBean(AbstractAutowireCapableBeanFactory.java:602)
	at org.springframework.beans.factory.support.AbstractAutowireCapableBeanFactory.createBean(AbstractAutowireCapableBeanFactory.java:524)
	at org.springframework.beans.factory.support.AbstractBeanFactory.lambda$doGetBean$0(AbstractBeanFactory.java:335)
	at org.springframework.beans.factory.support.DefaultSingletonBeanRegistry.getSingleton(DefaultSingletonBeanRegistry.java:234)
	at org.springframework.beans.factory.support.AbstractBeanFactory.doGetBean(AbstractBeanFactory.java:333)
	at org.springframework.beans.factory.support.AbstractBeanFactory.getBean(AbstractBeanFactory.java:208)
	at org.springframework.context.support.AbstractApplicationContext.getBean(AbstractApplicationContext.java:1154)
	at org.springframework.context.support.AbstractApplicationContext.finishBeanFactoryInitialization(AbstractApplicationContext.java:908)
	at org.springframework.context.support.AbstractApplicationContext.refresh(AbstractApplicationContext.java:583)
	at org.springframework.boot.web.servlet.context.ServletWebServerApplicationContext.refresh(ServletWebServerApplicationContext.java:144)
	at org.springframework.boot.SpringApplication.refresh(SpringApplication.java:782)
	at org.springframework.boot.SpringApplication.refresh(SpringApplication.java:774)
	at org.springframework.boot.SpringApplication.refreshContext(SpringApplication.java:439)
	at org.springframework.boot.SpringApplication.run(SpringApplication.java:339)
	at org.springframework.boot.SpringApplication.run(SpringApplication.java:1340)
	at org.springframework.boot.SpringApplication.run(SpringApplication.java:1329)
	at org.gaiga.BoardExampleApplication.main(BoardExampleApplication.java:13)
	at sun.reflect.NativeMethodAccessorImpl.invoke0(Native Method)
	at sun.reflect.NativeMethodAccessorImpl.invoke(NativeMethodAccessorImpl.java:62)
	at sun.reflect.DelegatingMethodAccessorImpl.invoke(DelegatingMethodAccessorImpl.java:43)
	at java.lang.reflect.Method.invoke(Method.java:498)
	at org.springframework.boot.devtools.restart.RestartLauncher.run(RestartLauncher.java:49)
Caused by: org.hibernate.AnnotationException: No identifier specified for entity: org.gaiga.domain.entity.Board
	at org.hibernate.cfg.InheritanceState.determineDefaultAccessType(InheritanceState.java:266)
	at org.hibernate.cfg.InheritanceState.getElementsToProcess(InheritanceState.java:211)
	at org.hibernate.cfg.AnnotationBinder.bindClass(AnnotationBinder.java:785)
	at org.hibernate.boot.model.source.internal.annotations.AnnotationMetadataSourceProcessorImpl.processEntityHierarchies(AnnotationMetadataSourceProcessorImpl.java:248)
	at org.hibernate.boot.model.process.spi.MetadataBuildingProcess$1.processEntityHierarchies(MetadataBuildingProcess.java:239)
	at org.hibernate.boot.model.process.spi.MetadataBuildingProcess.complete(MetadataBuildingProcess.java:282)
	at org.hibernate.jpa.boot.internal.EntityManagerFactoryBuilderImpl.metadata(EntityManagerFactoryBuilderImpl.java:1224)
	at org.hibernate.jpa.boot.internal.EntityManagerFactoryBuilderImpl.build(EntityManagerFactoryBuilderImpl.java:1255)
	at org.springframework.orm.jpa.vendor.SpringHibernateJpaPersistenceProvider.createContainerEntityManagerFactory(SpringHibernateJpaPersistenceProvider.java:58)
	at org.springframework.orm.jpa.LocalContainerEntityManagerFactoryBean.createNativeEntityManagerFactory(LocalContainerEntityManagerFactoryBean.java:365)
	at org.springframework.orm.jpa.AbstractEntityManagerFactoryBean.buildNativeEntityManagerFactory(AbstractEntityManagerFactoryBean.java:409)
	at org.springframework.orm.jpa.AbstractEntityManagerFactoryBean.afterPropertiesSet(AbstractEntityManagerFactoryBean.java:396)
	at org.springframework.orm.jpa.LocalContainerEntityManagerFactoryBean.afterPropertiesSet(LocalContainerEntityManagerFactoryBean.java:341)
	at org.springframework.beans.factory.support.AbstractAutowireCapableBeanFactory.invokeInitMethods(AbstractAutowireCapableBeanFactory.java:1845)
	at org.springframework.beans.factory.support.AbstractAutowireCapableBeanFactory.initializeBean(AbstractAutowireCapableBeanFactory.java:1782)
	... 22 common frames omitted
INFO  21-05-11 22:52:51[restartedMain] [BoardExampleApplication:55] - Starting BoardExampleApplication using Java 1.8.0_191 on kiddingui-MacBook-Pro.local with PID 42912 (/Users/kidding/Documents/workspace-spring-tool-suite-4-4.6.1.RELEASE/boardExample/target/classes started by kidding in /Users/kidding/Documents/workspace-spring-tool-suite-4-4.6.1.RELEASE/boardExample)
INFO  21-05-11 22:52:51[restartedMain] [BoardExampleApplication:675] - No active profile set, falling back to default profiles: default
INFO  21-05-11 22:52:51[restartedMain] [RepositoryConfigurationDelegate:128] - Bootstrapping Spring Data JPA repositories in DEFAULT mode.
INFO  21-05-11 22:52:51[restartedMain] [RepositoryConfigurationDelegate:188] - Finished Spring Data repository scanning in 8 ms. Found 1 JPA repository interfaces.
INFO  21-05-11 22:52:51[restartedMain] [TomcatWebServer:108] - Tomcat initialized with port(s): 8080 (http)
INFO  21-05-11 22:52:51[restartedMain] [Http11NioProtocol:173] - Initializing ProtocolHandler ["http-nio-8080"]
INFO  21-05-11 22:52:51[restartedMain] [StandardService:173] - Starting service [Tomcat]
INFO  21-05-11 22:52:51[restartedMain] [StandardEngine:173] - Starting Servlet engine: [Apache Tomcat/9.0.45]
INFO  21-05-11 22:52:51[restartedMain] [TldScanner:173] - At least one JAR was scanned for TLDs yet contained no TLDs. Enable debug logging for this logger for a complete list of JARs that were scanned but no TLDs were found in them. Skipping unneeded JARs during scanning can improve startup time and JSP compilation time.
INFO  21-05-11 22:52:51[restartedMain] [[/]:173] - Initializing Spring embedded WebApplicationContext
INFO  21-05-11 22:52:51[restartedMain] [ServletWebServerApplicationContext:289] - Root WebApplicationContext: initialization completed in 427 ms
INFO  21-05-11 22:52:51[restartedMain] [HikariDataSource:110] - HikariPool-6 - Starting...
DEBUG 21-05-11 22:52:51[restartedMain] [sqltiming:368] -  com.zaxxer.hikari.pool.PoolBase.executeSql(PoolBase.java:577)
33. SELECT 1
 {executed in 1 msec}
INFO  21-05-11 22:52:51[restartedMain] [HikariDataSource:123] - HikariPool-6 - Start completed.
INFO  21-05-11 22:52:51[restartedMain] [LogHelper:31] - HHH000204: Processing PersistenceUnitInfo [name: default]
INFO  21-05-11 22:52:51[restartedMain] [Dialect:175] - HHH000400: Using dialect: org.hibernate.dialect.MariaDB103Dialect
DEBUG 21-05-11 22:52:51[restartedMain] [sqltiming:368] -  com.zaxxer.hikari.pool.ProxyStatement.executeQuery(ProxyStatement.java:111)
33. select table_name from information_schema.TABLES where table_schema = database() and table_type = 'SEQUENCE'
 {executed in 1 msec}
ERROR 21-05-11 22:52:51[restartedMain] [LocalContainerEntityManagerFactoryBean:426] - Failed to initialize JPA EntityManagerFactory: No identifier specified for entity: org.gaiga.domain.entity.Board
WARN  21-05-11 22:52:51[restartedMain] [AnnotationConfigServletWebServerApplicationContext:591] - Exception encountered during context initialization - cancelling refresh attempt: org.springframework.beans.factory.BeanCreationException: Error creating bean with name 'entityManagerFactory' defined in class path resource [org/springframework/boot/autoconfigure/orm/jpa/HibernateJpaConfiguration.class]: Invocation of init method failed; nested exception is org.hibernate.AnnotationException: No identifier specified for entity: org.gaiga.domain.entity.Board
INFO  21-05-11 22:52:51[restartedMain] [HikariDataSource:350] - HikariPool-6 - Shutdown initiated...
INFO  21-05-11 22:52:51[restartedMain] [HikariDataSource:352] - HikariPool-6 - Shutdown completed.
INFO  21-05-11 22:52:51[restartedMain] [StandardService:173] - Stopping service [Tomcat]
INFO  21-05-11 22:52:51[restartedMain] [ConditionEvaluationReportLoggingListener:136] - 

Error starting ApplicationContext. To display the conditions report re-run your application with 'debug' enabled.
ERROR 21-05-11 22:52:51[restartedMain] [SpringApplication:871] - Application run failed
org.springframework.beans.factory.BeanCreationException: Error creating bean with name 'entityManagerFactory' defined in class path resource [org/springframework/boot/autoconfigure/orm/jpa/HibernateJpaConfiguration.class]: Invocation of init method failed; nested exception is org.hibernate.AnnotationException: No identifier specified for entity: org.gaiga.domain.entity.Board
	at org.springframework.beans.factory.support.AbstractAutowireCapableBeanFactory.initializeBean(AbstractAutowireCapableBeanFactory.java:1786)
	at org.springframework.beans.factory.support.AbstractAutowireCapableBeanFactory.doCreateBean(AbstractAutowireCapableBeanFactory.java:602)
	at org.springframework.beans.factory.support.AbstractAutowireCapableBeanFactory.createBean(AbstractAutowireCapableBeanFactory.java:524)
	at org.springframework.beans.factory.support.AbstractBeanFactory.lambda$doGetBean$0(AbstractBeanFactory.java:335)
	at org.springframework.beans.factory.support.DefaultSingletonBeanRegistry.getSingleton(DefaultSingletonBeanRegistry.java:234)
	at org.springframework.beans.factory.support.AbstractBeanFactory.doGetBean(AbstractBeanFactory.java:333)
	at org.springframework.beans.factory.support.AbstractBeanFactory.getBean(AbstractBeanFactory.java:208)
	at org.springframework.context.support.AbstractApplicationContext.getBean(AbstractApplicationContext.java:1154)
	at org.springframework.context.support.AbstractApplicationContext.finishBeanFactoryInitialization(AbstractApplicationContext.java:908)
	at org.springframework.context.support.AbstractApplicationContext.refresh(AbstractApplicationContext.java:583)
	at org.springframework.boot.web.servlet.context.ServletWebServerApplicationContext.refresh(ServletWebServerApplicationContext.java:144)
	at org.springframework.boot.SpringApplication.refresh(SpringApplication.java:782)
	at org.springframework.boot.SpringApplication.refresh(SpringApplication.java:774)
	at org.springframework.boot.SpringApplication.refreshContext(SpringApplication.java:439)
	at org.springframework.boot.SpringApplication.run(SpringApplication.java:339)
	at org.springframework.boot.SpringApplication.run(SpringApplication.java:1340)
	at org.springframework.boot.SpringApplication.run(SpringApplication.java:1329)
	at org.gaiga.BoardExampleApplication.main(BoardExampleApplication.java:13)
	at sun.reflect.NativeMethodAccessorImpl.invoke0(Native Method)
	at sun.reflect.NativeMethodAccessorImpl.invoke(NativeMethodAccessorImpl.java:62)
	at sun.reflect.DelegatingMethodAccessorImpl.invoke(DelegatingMethodAccessorImpl.java:43)
	at java.lang.reflect.Method.invoke(Method.java:498)
	at org.springframework.boot.devtools.restart.RestartLauncher.run(RestartLauncher.java:49)
Caused by: org.hibernate.AnnotationException: No identifier specified for entity: org.gaiga.domain.entity.Board
	at org.hibernate.cfg.InheritanceState.determineDefaultAccessType(InheritanceState.java:266)
	at org.hibernate.cfg.InheritanceState.getElementsToProcess(InheritanceState.java:211)
	at org.hibernate.cfg.AnnotationBinder.bindClass(AnnotationBinder.java:785)
	at org.hibernate.boot.model.source.internal.annotations.AnnotationMetadataSourceProcessorImpl.processEntityHierarchies(AnnotationMetadataSourceProcessorImpl.java:248)
	at org.hibernate.boot.model.process.spi.MetadataBuildingProcess$1.processEntityHierarchies(MetadataBuildingProcess.java:239)
	at org.hibernate.boot.model.process.spi.MetadataBuildingProcess.complete(MetadataBuildingProcess.java:282)
	at org.hibernate.jpa.boot.internal.EntityManagerFactoryBuilderImpl.metadata(EntityManagerFactoryBuilderImpl.java:1224)
	at org.hibernate.jpa.boot.internal.EntityManagerFactoryBuilderImpl.build(EntityManagerFactoryBuilderImpl.java:1255)
	at org.springframework.orm.jpa.vendor.SpringHibernateJpaPersistenceProvider.createContainerEntityManagerFactory(SpringHibernateJpaPersistenceProvider.java:58)
	at org.springframework.orm.jpa.LocalContainerEntityManagerFactoryBean.createNativeEntityManagerFactory(LocalContainerEntityManagerFactoryBean.java:365)
	at org.springframework.orm.jpa.AbstractEntityManagerFactoryBean.buildNativeEntityManagerFactory(AbstractEntityManagerFactoryBean.java:409)
	at org.springframework.orm.jpa.AbstractEntityManagerFactoryBean.afterPropertiesSet(AbstractEntityManagerFactoryBean.java:396)
	at org.springframework.orm.jpa.LocalContainerEntityManagerFactoryBean.afterPropertiesSet(LocalContainerEntityManagerFactoryBean.java:341)
	at org.springframework.beans.factory.support.AbstractAutowireCapableBeanFactory.invokeInitMethods(AbstractAutowireCapableBeanFactory.java:1845)
	at org.springframework.beans.factory.support.AbstractAutowireCapableBeanFactory.initializeBean(AbstractAutowireCapableBeanFactory.java:1782)
	... 22 common frames omitted
