INFO  21-05-03 20:15:10[restartedMain] [BoardExampleApplication:55] - Starting BoardExampleApplication using Java 1.8.0_191 on kiddingui-MacBook-Pro.local with PID 48916 (/Users/kidding/Documents/workspace-spring-tool-suite-4-4.6.1.RELEASE/boardExample/target/classes started by kidding in /Users/kidding/Documents/workspace-spring-tool-suite-4-4.6.1.RELEASE/boardExample)
INFO  21-05-03 20:15:10[restartedMain] [BoardExampleApplication:675] - No active profile set, falling back to default profiles: default
INFO  21-05-03 20:15:10[restartedMain] [DevToolsPropertyDefaultsPostProcessor:255] - Devtools property defaults active! Set 'spring.devtools.add-properties' to 'false' to disable
INFO  21-05-03 20:15:10[restartedMain] [DevToolsPropertyDefaultsPostProcessor:255] - For additional web related logging consider setting the 'logging.level.web' property to 'DEBUG'
DEBUG 21-05-03 20:15:12[restartedMain] [LogFactory:105] - Logging initialized using 'class org.apache.ibatis.logging.slf4j.Slf4jImpl' adapter.
INFO  21-05-03 20:15:12[restartedMain] [TomcatWebServer:108] - Tomcat initialized with port(s): 8080 (http)
INFO  21-05-03 20:15:12[restartedMain] [Http11NioProtocol:173] - Initializing ProtocolHandler ["http-nio-8080"]
INFO  21-05-03 20:15:12[restartedMain] [StandardService:173] - Starting service [Tomcat]
INFO  21-05-03 20:15:12[restartedMain] [StandardEngine:173] - Starting Servlet engine: [Apache Tomcat/9.0.45]
INFO  21-05-03 20:15:13[restartedMain] [TldScanner:173] - At least one JAR was scanned for TLDs yet contained no TLDs. Enable debug logging for this logger for a complete list of JARs that were scanned but no TLDs were found in them. Skipping unneeded JARs during scanning can improve startup time and JSP compilation time.
INFO  21-05-03 20:15:13[restartedMain] [[/]:173] - Initializing Spring embedded WebApplicationContext
INFO  21-05-03 20:15:13[restartedMain] [ServletWebServerApplicationContext:289] - Root WebApplicationContext: initialization completed in 2092 ms
WARN  21-05-03 20:15:13[restartedMain] [AnnotationConfigServletWebServerApplicationContext:591] - Exception encountered during context initialization - cancelling refresh attempt: org.springframework.beans.factory.UnsatisfiedDependencyException: Error creating bean with name 'testController': Unsatisfied dependency expressed through field 'testService'; nested exception is org.springframework.beans.factory.UnsatisfiedDependencyException: Error creating bean with name 'testService': Unsatisfied dependency expressed through field 'mapper'; nested exception is org.springframework.beans.factory.UnsatisfiedDependencyException: Error creating bean with name 'testMapper' defined in file [/Users/kidding/Documents/workspace-spring-tool-suite-4-4.6.1.RELEASE/boardExample/target/classes/org/gaiga/test/mapper/TestMapper.class]: Unsatisfied dependency expressed through bean property 'sqlSessionFactory'; nested exception is org.springframework.beans.factory.UnsatisfiedDependencyException: Error creating bean with name 'sqlSessionFactory' defined in class path resource [org/mybatis/spring/boot/autoconfigure/MybatisAutoConfiguration.class]: Unsatisfied dependency expressed through method 'sqlSessionFactory' parameter 0; nested exception is org.springframework.beans.factory.BeanCreationException: Error creating bean with name 'dataSource' defined in class path resource [org/springframework/boot/autoconfigure/jdbc/DataSourceConfiguration$Hikari.class]: Bean instantiation via factory method failed; nested exception is org.springframework.beans.BeanInstantiationException: Failed to instantiate [com.zaxxer.hikari.HikariDataSource]: Factory method 'dataSource' threw exception; nested exception is java.lang.IllegalStateException: Cannot load driver class: net.sf.log4jdbc.sql.jdbcapi.DriverSpy
INFO  21-05-03 20:15:13[restartedMain] [StandardService:173] - Stopping service [Tomcat]
INFO  21-05-03 20:15:13[restartedMain] [ConditionEvaluationReportLoggingListener:136] - 

Error starting ApplicationContext. To display the conditions report re-run your application with 'debug' enabled.
ERROR 21-05-03 20:15:13[restartedMain] [SpringApplication:871] - Application run failed
org.springframework.beans.factory.UnsatisfiedDependencyException: Error creating bean with name 'testController': Unsatisfied dependency expressed through field 'testService'; nested exception is org.springframework.beans.factory.UnsatisfiedDependencyException: Error creating bean with name 'testService': Unsatisfied dependency expressed through field 'mapper'; nested exception is org.springframework.beans.factory.UnsatisfiedDependencyException: Error creating bean with name 'testMapper' defined in file [/Users/kidding/Documents/workspace-spring-tool-suite-4-4.6.1.RELEASE/boardExample/target/classes/org/gaiga/test/mapper/TestMapper.class]: Unsatisfied dependency expressed through bean property 'sqlSessionFactory'; nested exception is org.springframework.beans.factory.UnsatisfiedDependencyException: Error creating bean with name 'sqlSessionFactory' defined in class path resource [org/mybatis/spring/boot/autoconfigure/MybatisAutoConfiguration.class]: Unsatisfied dependency expressed through method 'sqlSessionFactory' parameter 0; nested exception is org.springframework.beans.factory.BeanCreationException: Error creating bean with name 'dataSource' defined in class path resource [org/springframework/boot/autoconfigure/jdbc/DataSourceConfiguration$Hikari.class]: Bean instantiation via factory method failed; nested exception is org.springframework.beans.BeanInstantiationException: Failed to instantiate [com.zaxxer.hikari.HikariDataSource]: Factory method 'dataSource' threw exception; nested exception is java.lang.IllegalStateException: Cannot load driver class: net.sf.log4jdbc.sql.jdbcapi.DriverSpy
	at org.springframework.beans.factory.annotation.AutowiredAnnotationBeanPostProcessor$AutowiredFieldElement.resolveFieldValue(AutowiredAnnotationBeanPostProcessor.java:660)
	at org.springframework.beans.factory.annotation.AutowiredAnnotationBeanPostProcessor$AutowiredFieldElement.inject(AutowiredAnnotationBeanPostProcessor.java:640)
	at org.springframework.beans.factory.annotation.InjectionMetadata.inject(InjectionMetadata.java:119)
	at org.springframework.beans.factory.annotation.AutowiredAnnotationBeanPostProcessor.postProcessProperties(AutowiredAnnotationBeanPostProcessor.java:399)
	at org.springframework.beans.factory.support.AbstractAutowireCapableBeanFactory.populateBean(AbstractAutowireCapableBeanFactory.java:1413)
	at org.springframework.beans.factory.support.AbstractAutowireCapableBeanFactory.doCreateBean(AbstractAutowireCapableBeanFactory.java:601)
	at org.springframework.beans.factory.support.AbstractAutowireCapableBeanFactory.createBean(AbstractAutowireCapableBeanFactory.java:524)
	at org.springframework.beans.factory.support.AbstractBeanFactory.lambda$doGetBean$0(AbstractBeanFactory.java:335)
	at org.springframework.beans.factory.support.DefaultSingletonBeanRegistry.getSingleton(DefaultSingletonBeanRegistry.java:234)
	at org.springframework.beans.factory.support.AbstractBeanFactory.doGetBean(AbstractBeanFactory.java:333)
	at org.springframework.beans.factory.support.AbstractBeanFactory.getBean(AbstractBeanFactory.java:208)
	at org.springframework.beans.factory.support.DefaultListableBeanFactory.preInstantiateSingletons(DefaultListableBeanFactory.java:944)
	at org.springframework.context.support.AbstractApplicationContext.finishBeanFactoryInitialization(AbstractApplicationContext.java:918)
	at org.springframework.context.support.AbstractApplicationContext.refresh(AbstractApplicationContext.java:583)
	at org.springframework.boot.web.servlet.context.ServletWebServerApplicationContext.refresh(ServletWebServerApplicationContext.java:144)
	at org.springframework.boot.SpringApplication.refresh(SpringApplication.java:782)
	at org.springframework.boot.SpringApplication.refresh(SpringApplication.java:774)
	at org.springframework.boot.SpringApplication.refreshContext(SpringApplication.java:439)
	at org.springframework.boot.SpringApplication.run(SpringApplication.java:339)
	at org.springframework.boot.SpringApplication.run(SpringApplication.java:1340)
	at org.springframework.boot.SpringApplication.run(SpringApplication.java:1329)
	at org.gaiga.BoardExampleApplication.main(BoardExampleApplication.java:13)
	at sun.reflect.NativeMethodAccessorImpl.invoke0(Native Method)
	at sun.reflect.NativeMethodAccessorImpl.invoke(NativeMethodAccessorImpl.java:62)
	at sun.reflect.DelegatingMethodAccessorImpl.invoke(DelegatingMethodAccessorImpl.java:43)
	at java.lang.reflect.Method.invoke(Method.java:498)
	at org.springframework.boot.devtools.restart.RestartLauncher.run(RestartLauncher.java:49)
Caused by: org.springframework.beans.factory.UnsatisfiedDependencyException: Error creating bean with name 'testService': Unsatisfied dependency expressed through field 'mapper'; nested exception is org.springframework.beans.factory.UnsatisfiedDependencyException: Error creating bean with name 'testMapper' defined in file [/Users/kidding/Documents/workspace-spring-tool-suite-4-4.6.1.RELEASE/boardExample/target/classes/org/gaiga/test/mapper/TestMapper.class]: Unsatisfied dependency expressed through bean property 'sqlSessionFactory'; nested exception is org.springframework.beans.factory.UnsatisfiedDependencyException: Error creating bean with name 'sqlSessionFactory' defined in class path resource [org/mybatis/spring/boot/autoconfigure/MybatisAutoConfiguration.class]: Unsatisfied dependency expressed through method 'sqlSessionFactory' parameter 0; nested exception is org.springframework.beans.factory.BeanCreationException: Error creating bean with name 'dataSource' defined in class path resource [org/springframework/boot/autoconfigure/jdbc/DataSourceConfiguration$Hikari.class]: Bean instantiation via factory method failed; nested exception is org.springframework.beans.BeanInstantiationException: Failed to instantiate [com.zaxxer.hikari.HikariDataSource]: Factory method 'dataSource' threw exception; nested exception is java.lang.IllegalStateException: Cannot load driver class: net.sf.log4jdbc.sql.jdbcapi.DriverSpy
	at org.springframework.beans.factory.annotation.AutowiredAnnotationBeanPostProcessor$AutowiredFieldElement.resolveFieldValue(AutowiredAnnotationBeanPostProcessor.java:660)
	at org.springframework.beans.factory.annotation.AutowiredAnnotationBeanPostProcessor$AutowiredFieldElement.inject(AutowiredAnnotationBeanPostProcessor.java:640)
	at org.springframework.beans.factory.annotation.InjectionMetadata.inject(InjectionMetadata.java:119)
	at org.springframework.beans.factory.annotation.AutowiredAnnotationBeanPostProcessor.postProcessProperties(AutowiredAnnotationBeanPostProcessor.java:399)
	at org.springframework.beans.factory.support.AbstractAutowireCapableBeanFactory.populateBean(AbstractAutowireCapableBeanFactory.java:1413)
	at org.springframework.beans.factory.support.AbstractAutowireCapableBeanFactory.doCreateBean(AbstractAutowireCapableBeanFactory.java:601)
	at org.springframework.beans.factory.support.AbstractAutowireCapableBeanFactory.createBean(AbstractAutowireCapableBeanFactory.java:524)
	at org.springframework.beans.factory.support.AbstractBeanFactory.lambda$doGetBean$0(AbstractBeanFactory.java:335)
	at org.springframework.beans.factory.support.DefaultSingletonBeanRegistry.getSingleton(DefaultSingletonBeanRegistry.java:234)
	at org.springframework.beans.factory.support.AbstractBeanFactory.doGetBean(AbstractBeanFactory.java:333)
	at org.springframework.beans.factory.support.AbstractBeanFactory.getBean(AbstractBeanFactory.java:208)
	at org.springframework.beans.factory.config.DependencyDescriptor.resolveCandidate(DependencyDescriptor.java:276)
	at org.springframework.beans.factory.support.DefaultListableBeanFactory.doResolveDependency(DefaultListableBeanFactory.java:1380)
	at org.springframework.beans.factory.support.DefaultListableBeanFactory.resolveDependency(DefaultListableBeanFactory.java:1300)
	at org.springframework.beans.factory.annotation.AutowiredAnnotationBeanPostProcessor$AutowiredFieldElement.resolveFieldValue(AutowiredAnnotationBeanPostProcessor.java:657)
	... 26 common frames omitted
Caused by: org.springframework.beans.factory.UnsatisfiedDependencyException: Error creating bean with name 'testMapper' defined in file [/Users/kidding/Documents/workspace-spring-tool-suite-4-4.6.1.RELEASE/boardExample/target/classes/org/gaiga/test/mapper/TestMapper.class]: Unsatisfied dependency expressed through bean property 'sqlSessionFactory'; nested exception is org.springframework.beans.factory.UnsatisfiedDependencyException: Error creating bean with name 'sqlSessionFactory' defined in class path resource [org/mybatis/spring/boot/autoconfigure/MybatisAutoConfiguration.class]: Unsatisfied dependency expressed through method 'sqlSessionFactory' parameter 0; nested exception is org.springframework.beans.factory.BeanCreationException: Error creating bean with name 'dataSource' defined in class path resource [org/springframework/boot/autoconfigure/jdbc/DataSourceConfiguration$Hikari.class]: Bean instantiation via factory method failed; nested exception is org.springframework.beans.BeanInstantiationException: Failed to instantiate [com.zaxxer.hikari.HikariDataSource]: Factory method 'dataSource' threw exception; nested exception is java.lang.IllegalStateException: Cannot load driver class: net.sf.log4jdbc.sql.jdbcapi.DriverSpy
	at org.springframework.beans.factory.support.AbstractAutowireCapableBeanFactory.autowireByType(AbstractAutowireCapableBeanFactory.java:1516)
	at org.springframework.beans.factory.support.AbstractAutowireCapableBeanFactory.populateBean(AbstractAutowireCapableBeanFactory.java:1399)
	at org.springframework.beans.factory.support.AbstractAutowireCapableBeanFactory.doCreateBean(AbstractAutowireCapableBeanFactory.java:601)
	at org.springframework.beans.factory.support.AbstractAutowireCapableBeanFactory.createBean(AbstractAutowireCapableBeanFactory.java:524)
	at org.springframework.beans.factory.support.AbstractBeanFactory.lambda$doGetBean$0(AbstractBeanFactory.java:335)
	at org.springframework.beans.factory.support.DefaultSingletonBeanRegistry.getSingleton(DefaultSingletonBeanRegistry.java:234)
	at org.springframework.beans.factory.support.AbstractBeanFactory.doGetBean(AbstractBeanFactory.java:333)
	at org.springframework.beans.factory.support.AbstractBeanFactory.getBean(AbstractBeanFactory.java:208)
	at org.springframework.beans.factory.config.DependencyDescriptor.resolveCandidate(DependencyDescriptor.java:276)
	at org.springframework.beans.factory.support.DefaultListableBeanFactory.doResolveDependency(DefaultListableBeanFactory.java:1380)
	at org.springframework.beans.factory.support.DefaultListableBeanFactory.resolveDependency(DefaultListableBeanFactory.java:1300)
	at org.springframework.beans.factory.annotation.AutowiredAnnotationBeanPostProcessor$AutowiredFieldElement.resolveFieldValue(AutowiredAnnotationBeanPostProcessor.java:657)
	... 40 common frames omitted
Caused by: org.springframework.beans.factory.UnsatisfiedDependencyException: Error creating bean with name 'sqlSessionFactory' defined in class path resource [org/mybatis/spring/boot/autoconfigure/MybatisAutoConfiguration.class]: Unsatisfied dependency expressed through method 'sqlSessionFactory' parameter 0; nested exception is org.springframework.beans.factory.BeanCreationException: Error creating bean with name 'dataSource' defined in class path resource [org/springframework/boot/autoconfigure/jdbc/DataSourceConfiguration$Hikari.class]: Bean instantiation via factory method failed; nested exception is org.springframework.beans.BeanInstantiationException: Failed to instantiate [com.zaxxer.hikari.HikariDataSource]: Factory method 'dataSource' threw exception; nested exception is java.lang.IllegalStateException: Cannot load driver class: net.sf.log4jdbc.sql.jdbcapi.DriverSpy
	at org.springframework.beans.factory.support.ConstructorResolver.createArgumentArray(ConstructorResolver.java:800)
	at org.springframework.beans.factory.support.ConstructorResolver.instantiateUsingFactoryMethod(ConstructorResolver.java:541)
	at org.springframework.beans.factory.support.AbstractAutowireCapableBeanFactory.instantiateUsingFactoryMethod(AbstractAutowireCapableBeanFactory.java:1334)
	at org.springframework.beans.factory.support.AbstractAutowireCapableBeanFactory.createBeanInstance(AbstractAutowireCapableBeanFactory.java:1177)
	at org.springframework.beans.factory.support.AbstractAutowireCapableBeanFactory.doCreateBean(AbstractAutowireCapableBeanFactory.java:564)
	at org.springframework.beans.factory.support.AbstractAutowireCapableBeanFactory.createBean(AbstractAutowireCapableBeanFactory.java:524)
	at org.springframework.beans.factory.support.AbstractBeanFactory.lambda$doGetBean$0(AbstractBeanFactory.java:335)
	at org.springframework.beans.factory.support.DefaultSingletonBeanRegistry.getSingleton(DefaultSingletonBeanRegistry.java:234)
	at org.springframework.beans.factory.support.AbstractBeanFactory.doGetBean(AbstractBeanFactory.java:333)
	at org.springframework.beans.factory.support.AbstractBeanFactory.getBean(AbstractBeanFactory.java:208)
	at org.springframework.beans.factory.config.DependencyDescriptor.resolveCandidate(DependencyDescriptor.java:276)
	at org.springframework.beans.factory.support.DefaultListableBeanFactory.doResolveDependency(DefaultListableBeanFactory.java:1380)
	at org.springframework.beans.factory.support.DefaultListableBeanFactory.resolveDependency(DefaultListableBeanFactory.java:1300)
	at org.springframework.beans.factory.support.AbstractAutowireCapableBeanFactory.autowireByType(AbstractAutowireCapableBeanFactory.java:1501)
	... 51 common frames omitted
Caused by: org.springframework.beans.factory.BeanCreationException: Error creating bean with name 'dataSource' defined in class path resource [org/springframework/boot/autoconfigure/jdbc/DataSourceConfiguration$Hikari.class]: Bean instantiation via factory method failed; nested exception is org.springframework.beans.BeanInstantiationException: Failed to instantiate [com.zaxxer.hikari.HikariDataSource]: Factory method 'dataSource' threw exception; nested exception is java.lang.IllegalStateException: Cannot load driver class: net.sf.log4jdbc.sql.jdbcapi.DriverSpy
	at org.springframework.beans.factory.support.ConstructorResolver.instantiate(ConstructorResolver.java:658)
	at org.springframework.beans.factory.support.ConstructorResolver.instantiateUsingFactoryMethod(ConstructorResolver.java:638)
	at org.springframework.beans.factory.support.AbstractAutowireCapableBeanFactory.instantiateUsingFactoryMethod(AbstractAutowireCapableBeanFactory.java:1334)
	at org.springframework.beans.factory.support.AbstractAutowireCapableBeanFactory.createBeanInstance(AbstractAutowireCapableBeanFactory.java:1177)
	at org.springframework.beans.factory.support.AbstractAutowireCapableBeanFactory.doCreateBean(AbstractAutowireCapableBeanFactory.java:564)
	at org.springframework.beans.factory.support.AbstractAutowireCapableBeanFactory.createBean(AbstractAutowireCapableBeanFactory.java:524)
	at org.springframework.beans.factory.support.AbstractBeanFactory.lambda$doGetBean$0(AbstractBeanFactory.java:335)
	at org.springframework.beans.factory.support.DefaultSingletonBeanRegistry.getSingleton(DefaultSingletonBeanRegistry.java:234)
	at org.springframework.beans.factory.support.AbstractBeanFactory.doGetBean(AbstractBeanFactory.java:333)
	at org.springframework.beans.factory.support.AbstractBeanFactory.getBean(AbstractBeanFactory.java:208)
	at org.springframework.beans.factory.config.DependencyDescriptor.resolveCandidate(DependencyDescriptor.java:276)
	at org.springframework.beans.factory.support.DefaultListableBeanFactory.doResolveDependency(DefaultListableBeanFactory.java:1380)
	at org.springframework.beans.factory.support.DefaultListableBeanFactory.resolveDependency(DefaultListableBeanFactory.java:1300)
	at org.springframework.beans.factory.support.ConstructorResolver.resolveAutowiredArgument(ConstructorResolver.java:887)
	at org.springframework.beans.factory.support.ConstructorResolver.createArgumentArray(ConstructorResolver.java:791)
	... 64 common frames omitted
Caused by: org.springframework.beans.BeanInstantiationException: Failed to instantiate [com.zaxxer.hikari.HikariDataSource]: Factory method 'dataSource' threw exception; nested exception is java.lang.IllegalStateException: Cannot load driver class: net.sf.log4jdbc.sql.jdbcapi.DriverSpy
	at org.springframework.beans.factory.support.SimpleInstantiationStrategy.instantiate(SimpleInstantiationStrategy.java:185)
	at org.springframework.beans.factory.support.ConstructorResolver.instantiate(ConstructorResolver.java:653)
	... 78 common frames omitted
Caused by: java.lang.IllegalStateException: Cannot load driver class: net.sf.log4jdbc.sql.jdbcapi.DriverSpy
	at org.springframework.util.Assert.state(Assert.java:97)
	at org.springframework.boot.autoconfigure.jdbc.DataSourceProperties.determineDriverClassName(DataSourceProperties.java:224)
	at org.springframework.boot.autoconfigure.jdbc.DataSourceProperties.initializeDataSourceBuilder(DataSourceProperties.java:176)
	at org.springframework.boot.autoconfigure.jdbc.DataSourceConfiguration.createDataSource(DataSourceConfiguration.java:48)
	at org.springframework.boot.autoconfigure.jdbc.DataSourceConfiguration$Hikari.dataSource(DataSourceConfiguration.java:90)
	at sun.reflect.NativeMethodAccessorImpl.invoke0(Native Method)
	at sun.reflect.NativeMethodAccessorImpl.invoke(NativeMethodAccessorImpl.java:62)
	at sun.reflect.DelegatingMethodAccessorImpl.invoke(DelegatingMethodAccessorImpl.java:43)
	at java.lang.reflect.Method.invoke(Method.java:498)
	at org.springframework.beans.factory.support.SimpleInstantiationStrategy.instantiate(SimpleInstantiationStrategy.java:154)
	... 79 common frames omitted
INFO  21-05-03 20:19:57[restartedMain] [BoardExampleApplication:55] - Starting BoardExampleApplication using Java 1.8.0_191 on kiddingui-MacBook-Pro.local with PID 49509 (/Users/kidding/Documents/workspace-spring-tool-suite-4-4.6.1.RELEASE/boardExample/target/classes started by kidding in /Users/kidding/Documents/workspace-spring-tool-suite-4-4.6.1.RELEASE/boardExample)
INFO  21-05-03 20:19:57[restartedMain] [BoardExampleApplication:675] - No active profile set, falling back to default profiles: default
INFO  21-05-03 20:19:57[restartedMain] [DevToolsPropertyDefaultsPostProcessor:255] - Devtools property defaults active! Set 'spring.devtools.add-properties' to 'false' to disable
INFO  21-05-03 20:19:57[restartedMain] [DevToolsPropertyDefaultsPostProcessor:255] - For additional web related logging consider setting the 'logging.level.web' property to 'DEBUG'
DEBUG 21-05-03 20:19:58[restartedMain] [LogFactory:105] - Logging initialized using 'class org.apache.ibatis.logging.slf4j.Slf4jImpl' adapter.
INFO  21-05-03 20:19:58[restartedMain] [TomcatWebServer:108] - Tomcat initialized with port(s): 8080 (http)
INFO  21-05-03 20:19:58[restartedMain] [Http11NioProtocol:173] - Initializing ProtocolHandler ["http-nio-8080"]
INFO  21-05-03 20:19:58[restartedMain] [StandardService:173] - Starting service [Tomcat]
INFO  21-05-03 20:19:58[restartedMain] [StandardEngine:173] - Starting Servlet engine: [Apache Tomcat/9.0.45]
INFO  21-05-03 20:19:58[restartedMain] [TldScanner:173] - At least one JAR was scanned for TLDs yet contained no TLDs. Enable debug logging for this logger for a complete list of JARs that were scanned but no TLDs were found in them. Skipping unneeded JARs during scanning can improve startup time and JSP compilation time.
INFO  21-05-03 20:19:58[restartedMain] [[/]:173] - Initializing Spring embedded WebApplicationContext
INFO  21-05-03 20:19:58[restartedMain] [ServletWebServerApplicationContext:289] - Root WebApplicationContext: initialization completed in 1314 ms
INFO  21-05-03 20:19:59[restartedMain] [ThreadPoolTaskExecutor:181] - Initializing ExecutorService 'applicationTaskExecutor'
INFO  21-05-03 20:19:59[restartedMain] [WelcomePageHandlerMapping:53] - Adding welcome page: class path resource [static/index.html]
INFO  21-05-03 20:19:59[restartedMain] [OptionalLiveReloadServer:58] - LiveReload server is running on port 35729
INFO  21-05-03 20:19:59[restartedMain] [Http11NioProtocol:173] - Starting ProtocolHandler ["http-nio-8080"]
INFO  21-05-03 20:19:59[restartedMain] [TomcatWebServer:220] - Tomcat started on port(s): 8080 (http) with context path ''
INFO  21-05-03 20:19:59[restartedMain] [BoardExampleApplication:61] - Started BoardExampleApplication in 3.029 seconds (JVM running for 3.847)
INFO  21-05-03 20:20:10[http-nio-8080-exec-1] [[/]:173] - Initializing Spring DispatcherServlet 'dispatcherServlet'
INFO  21-05-03 20:20:10[http-nio-8080-exec-1] [DispatcherServlet:525] - Initializing Servlet 'dispatcherServlet'
INFO  21-05-03 20:20:10[http-nio-8080-exec-1] [DispatcherServlet:547] - Completed initialization in 1 ms
INFO  21-05-03 20:20:10[http-nio-8080-exec-1] [HikariDataSource:110] - HikariPool-1 - Starting...
INFO  21-05-03 20:20:10[http-nio-8080-exec-1] [connection:541] - 1. Connection opened
INFO  21-05-03 20:20:10[http-nio-8080-exec-1] [audit:175] - 1. Connection.new Connection returned 
INFO  21-05-03 20:20:10[http-nio-8080-exec-1] [audit:175] - 1. Connection.getNetworkTimeout() returned 0
INFO  21-05-03 20:20:10[http-nio-8080-exec-1] [audit:175] - 1. Connection.isReadOnly() returned false
INFO  21-05-03 20:20:10[http-nio-8080-exec-1] [audit:175] - 1. Connection.getAutoCommit() returned true
INFO  21-05-03 20:20:10[http-nio-8080-exec-1] [audit:175] - 1. Statement.new Statement returned 
INFO  21-05-03 20:20:10[http-nio-8080-exec-1] [audit:175] - 1. Connection.createStatement() returned net.sf.log4jdbc.sql.jdbcapi.StatementSpy@7159383c
INFO  21-05-03 20:20:10[http-nio-8080-exec-1] [sqlonly:228] - SELECT 1

INFO  21-05-03 20:20:10[http-nio-8080-exec-1] [sqltiming:373] - SELECT 1
 {executed in 0 msec}
INFO  21-05-03 20:20:10[http-nio-8080-exec-1] [audit:175] - 1. Statement.execute(SELECT 1) returned true
INFO  21-05-03 20:20:10[http-nio-8080-exec-1] [audit:175] - 1. Statement.close() returned 
INFO  21-05-03 20:20:10[http-nio-8080-exec-1] [audit:175] - 1. Connection.getTransactionIsolation() returned 4
INFO  21-05-03 20:20:10[http-nio-8080-exec-1] [HikariDataSource:123] - HikariPool-1 - Start completed.
INFO  21-05-03 20:20:10[http-nio-8080-exec-1] [audit:175] - 1. Connection.getAutoCommit() returned true
INFO  21-05-03 20:20:10[http-nio-8080-exec-1] [audit:175] - 1. PreparedStatement.new PreparedStatement returned 
INFO  21-05-03 20:20:10[http-nio-8080-exec-1] [audit:175] - 1. Connection.prepareStatement(SELECT 'GOD' AS NAME) returned net.sf.log4jdbc.sql.jdbcapi.PreparedStatementSpy@6a12af89
INFO  21-05-03 20:20:10[http-nio-8080-exec-1] [sqlonly:228] - SELECT 'GOD' AS NAME

INFO  21-05-03 20:20:10[http-nio-8080-exec-1] [sqltiming:373] - SELECT 'GOD' AS NAME
 {executed in 3 msec}
INFO  21-05-03 20:20:10[http-nio-8080-exec-1] [audit:175] - 1. PreparedStatement.execute() returned true
INFO  21-05-03 20:20:10[http-nio-8080-exec-1] [resultset:175] - 1. ResultSet.new ResultSet returned 
INFO  21-05-03 20:20:10[http-nio-8080-exec-1] [audit:175] - 1. PreparedStatement.getResultSet() returned net.sf.log4jdbc.sql.jdbcapi.ResultSetSpy@3a0ec630
INFO  21-05-03 20:20:10[http-nio-8080-exec-1] [resultset:175] - 1. ResultSet.getMetaData() returned org.mariadb.jdbc.MariaDbResultSetMetaData@45a95ce
INFO  21-05-03 20:20:10[http-nio-8080-exec-1] [resultset:175] - 1. ResultSet.getType() returned 1003
INFO  21-05-03 20:20:10[http-nio-8080-exec-1] [resultset:175] - 1. ResultSet.isClosed() returned false
INFO  21-05-03 20:20:10[http-nio-8080-exec-1] [resultset:175] - 1. ResultSet.next() returned true
INFO  21-05-03 20:20:10[http-nio-8080-exec-1] [resultset:175] - 1. ResultSet.getString(NAME) returned GOD
INFO  21-05-03 20:20:10[http-nio-8080-exec-1] [resultset:175] - 1. ResultSet.isClosed() returned false
INFO  21-05-03 20:20:10[http-nio-8080-exec-1] [resultsettable:610] - 
|-----|
|name |
|-----|
|GOD  |
|-----|

INFO  21-05-03 20:20:10[http-nio-8080-exec-1] [resultset:175] - 1. ResultSet.next() returned false
INFO  21-05-03 20:20:10[http-nio-8080-exec-1] [resultset:175] - 1. ResultSet.close() returned void
INFO  21-05-03 20:20:10[http-nio-8080-exec-1] [audit:175] - 1. Connection.getMetaData() returned org.mariadb.jdbc.MariaDbDatabaseMetaData@604ccaa6
INFO  21-05-03 20:20:10[http-nio-8080-exec-1] [audit:175] - 1. PreparedStatement.getMoreResults() returned false
INFO  21-05-03 20:20:10[http-nio-8080-exec-1] [audit:175] - 1. PreparedStatement.getUpdateCount() returned -1
INFO  21-05-03 20:20:10[http-nio-8080-exec-1] [audit:175] - 1. PreparedStatement.close() returned 
INFO  21-05-03 20:20:10[http-nio-8080-exec-1] [audit:175] - 1. Connection.clearWarnings() returned 
INFO  21-05-03 20:20:10[HikariPool-1 connection adder] [connection:541] - 2. Connection opened
INFO  21-05-03 20:20:10[HikariPool-1 connection adder] [audit:175] - 2. Connection.new Connection returned 
INFO  21-05-03 20:20:10[HikariPool-1 connection adder] [audit:175] - 2. Connection.isReadOnly() returned false
INFO  21-05-03 20:20:10[HikariPool-1 connection adder] [audit:175] - 2. Connection.getAutoCommit() returned true
INFO  21-05-03 20:20:10[HikariPool-1 connection adder] [connection:541] - 3. Connection opened
INFO  21-05-03 20:20:10[HikariPool-1 connection adder] [audit:175] - 3. Connection.new Connection returned 
INFO  21-05-03 20:20:10[HikariPool-1 connection adder] [audit:175] - 3. Connection.isReadOnly() returned false
INFO  21-05-03 20:20:10[HikariPool-1 connection adder] [audit:175] - 3. Connection.getAutoCommit() returned true
INFO  21-05-03 20:20:10[HikariPool-1 connection adder] [connection:541] - 4. Connection opened
INFO  21-05-03 20:20:10[HikariPool-1 connection adder] [audit:175] - 4. Connection.new Connection returned 
INFO  21-05-03 20:20:10[HikariPool-1 connection adder] [audit:175] - 4. Connection.isReadOnly() returned false
INFO  21-05-03 20:20:10[HikariPool-1 connection adder] [audit:175] - 4. Connection.getAutoCommit() returned true
INFO  21-05-03 20:20:10[HikariPool-1 connection adder] [connection:541] - 5. Connection opened
INFO  21-05-03 20:20:10[HikariPool-1 connection adder] [audit:175] - 5. Connection.new Connection returned 
INFO  21-05-03 20:20:10[HikariPool-1 connection adder] [audit:175] - 5. Connection.isReadOnly() returned false
INFO  21-05-03 20:20:10[HikariPool-1 connection adder] [audit:175] - 5. Connection.getAutoCommit() returned true
INFO  21-05-03 20:20:10[HikariPool-1 connection adder] [connection:541] - 6. Connection opened
INFO  21-05-03 20:20:10[HikariPool-1 connection adder] [audit:175] - 6. Connection.new Connection returned 
INFO  21-05-03 20:20:10[HikariPool-1 connection adder] [audit:175] - 6. Connection.isReadOnly() returned false
INFO  21-05-03 20:20:10[HikariPool-1 connection adder] [audit:175] - 6. Connection.getAutoCommit() returned true
INFO  21-05-03 20:20:10[HikariPool-1 connection adder] [connection:541] - 7. Connection opened
INFO  21-05-03 20:20:10[HikariPool-1 connection adder] [audit:175] - 7. Connection.new Connection returned 
INFO  21-05-03 20:20:10[HikariPool-1 connection adder] [audit:175] - 7. Connection.isReadOnly() returned false
INFO  21-05-03 20:20:10[HikariPool-1 connection adder] [audit:175] - 7. Connection.getAutoCommit() returned true
INFO  21-05-03 20:20:10[HikariPool-1 connection adder] [connection:541] - 8. Connection opened
INFO  21-05-03 20:20:10[HikariPool-1 connection adder] [audit:175] - 8. Connection.new Connection returned 
INFO  21-05-03 20:20:10[HikariPool-1 connection adder] [audit:175] - 8. Connection.isReadOnly() returned false
INFO  21-05-03 20:20:10[HikariPool-1 connection adder] [audit:175] - 8. Connection.getAutoCommit() returned true
INFO  21-05-03 20:20:10[HikariPool-1 connection adder] [connection:541] - 9. Connection opened
INFO  21-05-03 20:20:10[HikariPool-1 connection adder] [audit:175] - 9. Connection.new Connection returned 
INFO  21-05-03 20:20:10[HikariPool-1 connection adder] [audit:175] - 9. Connection.isReadOnly() returned false
INFO  21-05-03 20:20:10[HikariPool-1 connection adder] [audit:175] - 9. Connection.getAutoCommit() returned true
INFO  21-05-03 20:20:10[HikariPool-1 connection adder] [connection:541] - 10. Connection opened
INFO  21-05-03 20:20:10[HikariPool-1 connection adder] [audit:175] - 10. Connection.new Connection returned 
INFO  21-05-03 20:20:10[HikariPool-1 connection adder] [audit:175] - 10. Connection.isReadOnly() returned false
INFO  21-05-03 20:20:10[HikariPool-1 connection adder] [audit:175] - 10. Connection.getAutoCommit() returned true
INFO  21-05-03 20:21:04[Thread-7] [ThreadPoolTaskExecutor:218] - Shutting down ExecutorService 'applicationTaskExecutor'
INFO  21-05-03 20:21:04[Thread-7] [HikariDataSource:350] - HikariPool-1 - Shutdown initiated...
INFO  21-05-03 20:21:04[HikariPool-1 connection closer] [connection:568] - 1. Connection closed
INFO  21-05-03 20:21:04[HikariPool-1 connection closer] [audit:175] - 1. Connection.close() returned 
INFO  21-05-03 20:21:04[HikariPool-1 connection closer] [connection:568] - 2. Connection closed
INFO  21-05-03 20:21:04[HikariPool-1 connection closer] [audit:175] - 2. Connection.close() returned 
INFO  21-05-03 20:21:04[HikariPool-1 connection closer] [connection:568] - 3. Connection closed
INFO  21-05-03 20:21:04[HikariPool-1 connection closer] [audit:175] - 3. Connection.close() returned 
INFO  21-05-03 20:21:04[HikariPool-1 connection closer] [connection:568] - 4. Connection closed
INFO  21-05-03 20:21:04[HikariPool-1 connection closer] [audit:175] - 4. Connection.close() returned 
INFO  21-05-03 20:21:04[HikariPool-1 connection closer] [connection:568] - 5. Connection closed
INFO  21-05-03 20:21:04[HikariPool-1 connection closer] [audit:175] - 5. Connection.close() returned 
INFO  21-05-03 20:21:04[HikariPool-1 connection closer] [connection:568] - 6. Connection closed
INFO  21-05-03 20:21:04[HikariPool-1 connection closer] [audit:175] - 6. Connection.close() returned 
INFO  21-05-03 20:21:04[HikariPool-1 connection closer] [connection:568] - 7. Connection closed
INFO  21-05-03 20:21:04[HikariPool-1 connection closer] [audit:175] - 7. Connection.close() returned 
INFO  21-05-03 20:21:04[HikariPool-1 connection closer] [connection:568] - 8. Connection closed
INFO  21-05-03 20:21:04[HikariPool-1 connection closer] [audit:175] - 8. Connection.close() returned 
INFO  21-05-03 20:21:04[HikariPool-1 connection closer] [connection:568] - 9. Connection closed
INFO  21-05-03 20:21:04[HikariPool-1 connection closer] [audit:175] - 9. Connection.close() returned 
INFO  21-05-03 20:21:04[HikariPool-1 connection closer] [connection:568] - 10. Connection closed
INFO  21-05-03 20:21:04[HikariPool-1 connection closer] [audit:175] - 10. Connection.close() returned 
INFO  21-05-03 20:21:04[Thread-7] [HikariDataSource:352] - HikariPool-1 - Shutdown completed.
INFO  21-05-03 20:21:04[restartedMain] [BoardExampleApplication:55] - Starting BoardExampleApplication using Java 1.8.0_191 on kiddingui-MacBook-Pro.local with PID 49509 (/Users/kidding/Documents/workspace-spring-tool-suite-4-4.6.1.RELEASE/boardExample/target/classes started by kidding in /Users/kidding/Documents/workspace-spring-tool-suite-4-4.6.1.RELEASE/boardExample)
INFO  21-05-03 20:21:04[restartedMain] [BoardExampleApplication:675] - No active profile set, falling back to default profiles: default
INFO  21-05-03 20:21:05[restartedMain] [TomcatWebServer:108] - Tomcat initialized with port(s): 8080 (http)
INFO  21-05-03 20:21:05[restartedMain] [Http11NioProtocol:173] - Initializing ProtocolHandler ["http-nio-8080"]
INFO  21-05-03 20:21:05[restartedMain] [StandardService:173] - Starting service [Tomcat]
INFO  21-05-03 20:21:05[restartedMain] [StandardEngine:173] - Starting Servlet engine: [Apache Tomcat/9.0.45]
INFO  21-05-03 20:21:05[restartedMain] [TldScanner:173] - At least one JAR was scanned for TLDs yet contained no TLDs. Enable debug logging for this logger for a complete list of JARs that were scanned but no TLDs were found in them. Skipping unneeded JARs during scanning can improve startup time and JSP compilation time.
INFO  21-05-03 20:21:05[restartedMain] [[/]:173] - Initializing Spring embedded WebApplicationContext
INFO  21-05-03 20:21:05[restartedMain] [ServletWebServerApplicationContext:289] - Root WebApplicationContext: initialization completed in 494 ms
INFO  21-05-03 20:21:05[restartedMain] [ThreadPoolTaskExecutor:181] - Initializing ExecutorService 'applicationTaskExecutor'
INFO  21-05-03 20:21:05[restartedMain] [WelcomePageHandlerMapping:53] - Adding welcome page: class path resource [static/index.html]
INFO  21-05-03 20:21:05[restartedMain] [OptionalLiveReloadServer:58] - LiveReload server is running on port 35729
INFO  21-05-03 20:21:05[restartedMain] [Http11NioProtocol:173] - Starting ProtocolHandler ["http-nio-8080"]
INFO  21-05-03 20:21:05[restartedMain] [TomcatWebServer:220] - Tomcat started on port(s): 8080 (http) with context path ''
INFO  21-05-03 20:21:05[restartedMain] [BoardExampleApplication:61] - Started BoardExampleApplication in 0.78 seconds (JVM running for 69.573)
INFO  21-05-03 20:21:05[restartedMain] [ConditionEvaluationDeltaLoggingListener:63] - Condition evaluation unchanged
INFO  21-05-03 20:21:18[http-nio-8080-exec-1] [[/]:173] - Initializing Spring DispatcherServlet 'dispatcherServlet'
INFO  21-05-03 20:21:18[http-nio-8080-exec-1] [DispatcherServlet:525] - Initializing Servlet 'dispatcherServlet'
INFO  21-05-03 20:21:18[http-nio-8080-exec-1] [DispatcherServlet:547] - Completed initialization in 1 ms
INFO  21-05-03 20:21:18[http-nio-8080-exec-1] [HikariDataSource:110] - HikariPool-2 - Starting...
INFO  21-05-03 20:21:18[http-nio-8080-exec-1] [connection:541] - 11. Connection opened
INFO  21-05-03 20:21:18[http-nio-8080-exec-1] [audit:175] - 11. Connection.new Connection returned 
INFO  21-05-03 20:21:18[http-nio-8080-exec-1] [audit:175] - 11. Connection.getNetworkTimeout() returned 0
INFO  21-05-03 20:21:18[http-nio-8080-exec-1] [audit:175] - 11. Connection.isReadOnly() returned false
INFO  21-05-03 20:21:18[http-nio-8080-exec-1] [audit:175] - 11. Connection.getAutoCommit() returned true
INFO  21-05-03 20:21:18[http-nio-8080-exec-1] [audit:175] - 11. Statement.new Statement returned 
INFO  21-05-03 20:21:18[http-nio-8080-exec-1] [audit:175] - 11. Connection.createStatement() returned net.sf.log4jdbc.sql.jdbcapi.StatementSpy@5fc3720c
INFO  21-05-03 20:21:18[http-nio-8080-exec-1] [sqlonly:228] - SELECT 1

INFO  21-05-03 20:21:18[http-nio-8080-exec-1] [sqltiming:373] - SELECT 1
 {executed in 0 msec}
INFO  21-05-03 20:21:18[http-nio-8080-exec-1] [audit:175] - 11. Statement.execute(SELECT 1) returned true
INFO  21-05-03 20:21:18[http-nio-8080-exec-1] [audit:175] - 11. Statement.close() returned 
INFO  21-05-03 20:21:18[http-nio-8080-exec-1] [audit:175] - 11. Connection.getTransactionIsolation() returned 4
INFO  21-05-03 20:21:18[http-nio-8080-exec-1] [HikariDataSource:123] - HikariPool-2 - Start completed.
INFO  21-05-03 20:21:18[http-nio-8080-exec-1] [audit:175] - 11. Connection.getAutoCommit() returned true
INFO  21-05-03 20:21:18[http-nio-8080-exec-1] [audit:175] - 11. PreparedStatement.new PreparedStatement returned 
INFO  21-05-03 20:21:18[http-nio-8080-exec-1] [audit:175] - 11. Connection.prepareStatement(SELECT 'GOD' AS NAME) returned net.sf.log4jdbc.sql.jdbcapi.PreparedStatementSpy@6ed689b7
INFO  21-05-03 20:21:18[http-nio-8080-exec-1] [sqlonly:228] - SELECT 'GOD' AS NAME

INFO  21-05-03 20:21:18[http-nio-8080-exec-1] [sqltiming:373] - SELECT 'GOD' AS NAME
 {executed in 0 msec}
INFO  21-05-03 20:21:18[http-nio-8080-exec-1] [audit:175] - 11. PreparedStatement.execute() returned true
INFO  21-05-03 20:21:18[http-nio-8080-exec-1] [resultset:175] - 11. ResultSet.new ResultSet returned 
INFO  21-05-03 20:21:18[http-nio-8080-exec-1] [audit:175] - 11. PreparedStatement.getResultSet() returned net.sf.log4jdbc.sql.jdbcapi.ResultSetSpy@7bfbd322
INFO  21-05-03 20:21:18[http-nio-8080-exec-1] [resultset:175] - 11. ResultSet.getMetaData() returned org.mariadb.jdbc.MariaDbResultSetMetaData@3fec8d43
INFO  21-05-03 20:21:18[http-nio-8080-exec-1] [resultset:175] - 11. ResultSet.getType() returned 1003
INFO  21-05-03 20:21:18[http-nio-8080-exec-1] [resultset:175] - 11. ResultSet.isClosed() returned false
INFO  21-05-03 20:21:18[http-nio-8080-exec-1] [resultset:175] - 11. ResultSet.next() returned true
INFO  21-05-03 20:21:18[http-nio-8080-exec-1] [resultset:175] - 11. ResultSet.getString(NAME) returned GOD
INFO  21-05-03 20:21:18[http-nio-8080-exec-1] [resultset:175] - 11. ResultSet.isClosed() returned false
INFO  21-05-03 20:21:18[http-nio-8080-exec-1] [resultsettable:610] - 
|-----|
|name |
|-----|
|GOD  |
|-----|

INFO  21-05-03 20:21:18[http-nio-8080-exec-1] [resultset:175] - 11. ResultSet.next() returned false
INFO  21-05-03 20:21:18[http-nio-8080-exec-1] [resultset:175] - 11. ResultSet.close() returned void
INFO  21-05-03 20:21:18[http-nio-8080-exec-1] [audit:175] - 11. Connection.getMetaData() returned org.mariadb.jdbc.MariaDbDatabaseMetaData@1f7959e8
INFO  21-05-03 20:21:18[http-nio-8080-exec-1] [audit:175] - 11. PreparedStatement.getMoreResults() returned false
INFO  21-05-03 20:21:18[http-nio-8080-exec-1] [audit:175] - 11. PreparedStatement.getUpdateCount() returned -1
INFO  21-05-03 20:21:18[http-nio-8080-exec-1] [audit:175] - 11. PreparedStatement.close() returned 
INFO  21-05-03 20:21:18[http-nio-8080-exec-1] [audit:175] - 11. Connection.clearWarnings() returned 
INFO  21-05-03 20:21:18[HikariPool-2 connection adder] [connection:541] - 12. Connection opened
INFO  21-05-03 20:21:18[HikariPool-2 connection adder] [audit:175] - 12. Connection.new Connection returned 
INFO  21-05-03 20:21:18[HikariPool-2 connection adder] [audit:175] - 12. Connection.isReadOnly() returned false
INFO  21-05-03 20:21:18[HikariPool-2 connection adder] [audit:175] - 12. Connection.getAutoCommit() returned true
INFO  21-05-03 20:21:18[HikariPool-2 connection adder] [connection:541] - 13. Connection opened
INFO  21-05-03 20:21:18[HikariPool-2 connection adder] [audit:175] - 13. Connection.new Connection returned 
INFO  21-05-03 20:21:18[HikariPool-2 connection adder] [audit:175] - 13. Connection.isReadOnly() returned false
INFO  21-05-03 20:21:18[HikariPool-2 connection adder] [audit:175] - 13. Connection.getAutoCommit() returned true
INFO  21-05-03 20:21:18[HikariPool-2 connection adder] [connection:541] - 14. Connection opened
INFO  21-05-03 20:21:18[HikariPool-2 connection adder] [audit:175] - 14. Connection.new Connection returned 
INFO  21-05-03 20:21:18[HikariPool-2 connection adder] [audit:175] - 14. Connection.isReadOnly() returned false
INFO  21-05-03 20:21:18[HikariPool-2 connection adder] [audit:175] - 14. Connection.getAutoCommit() returned true
INFO  21-05-03 20:21:18[HikariPool-2 connection adder] [connection:541] - 15. Connection opened
INFO  21-05-03 20:21:18[HikariPool-2 connection adder] [audit:175] - 15. Connection.new Connection returned 
INFO  21-05-03 20:21:18[HikariPool-2 connection adder] [audit:175] - 15. Connection.isReadOnly() returned false
INFO  21-05-03 20:21:18[HikariPool-2 connection adder] [audit:175] - 15. Connection.getAutoCommit() returned true
INFO  21-05-03 20:21:18[HikariPool-2 connection adder] [connection:541] - 16. Connection opened
INFO  21-05-03 20:21:18[HikariPool-2 connection adder] [audit:175] - 16. Connection.new Connection returned 
INFO  21-05-03 20:21:18[HikariPool-2 connection adder] [audit:175] - 16. Connection.isReadOnly() returned false
INFO  21-05-03 20:21:18[HikariPool-2 connection adder] [audit:175] - 16. Connection.getAutoCommit() returned true
INFO  21-05-03 20:21:18[HikariPool-2 connection adder] [connection:541] - 17. Connection opened
INFO  21-05-03 20:21:18[HikariPool-2 connection adder] [audit:175] - 17. Connection.new Connection returned 
INFO  21-05-03 20:21:18[HikariPool-2 connection adder] [audit:175] - 17. Connection.isReadOnly() returned false
INFO  21-05-03 20:21:18[HikariPool-2 connection adder] [audit:175] - 17. Connection.getAutoCommit() returned true
INFO  21-05-03 20:21:18[HikariPool-2 connection adder] [connection:541] - 18. Connection opened
INFO  21-05-03 20:21:18[HikariPool-2 connection adder] [audit:175] - 18. Connection.new Connection returned 
INFO  21-05-03 20:21:18[HikariPool-2 connection adder] [audit:175] - 18. Connection.isReadOnly() returned false
INFO  21-05-03 20:21:18[HikariPool-2 connection adder] [audit:175] - 18. Connection.getAutoCommit() returned true
INFO  21-05-03 20:21:18[HikariPool-2 connection adder] [connection:541] - 19. Connection opened
INFO  21-05-03 20:21:18[HikariPool-2 connection adder] [audit:175] - 19. Connection.new Connection returned 
INFO  21-05-03 20:21:18[HikariPool-2 connection adder] [audit:175] - 19. Connection.isReadOnly() returned false
INFO  21-05-03 20:21:18[HikariPool-2 connection adder] [audit:175] - 19. Connection.getAutoCommit() returned true
INFO  21-05-03 20:21:18[HikariPool-2 connection adder] [connection:541] - 20. Connection opened
INFO  21-05-03 20:21:18[HikariPool-2 connection adder] [audit:175] - 20. Connection.new Connection returned 
INFO  21-05-03 20:21:18[HikariPool-2 connection adder] [audit:175] - 20. Connection.isReadOnly() returned false
INFO  21-05-03 20:21:18[HikariPool-2 connection adder] [audit:175] - 20. Connection.getAutoCommit() returned true
INFO  21-05-03 20:34:02[RMI TCP Connection(4)-127.0.0.1] [SpringApplicationAdminMXBeanRegistrar$SpringApplicationAdmin:159] - Application shutdown requested.
INFO  21-05-03 20:34:02[RMI TCP Connection(4)-127.0.0.1] [ThreadPoolTaskExecutor:218] - Shutting down ExecutorService 'applicationTaskExecutor'
INFO  21-05-03 20:34:02[RMI TCP Connection(4)-127.0.0.1] [HikariDataSource:350] - HikariPool-2 - Shutdown initiated...
INFO  21-05-03 20:34:02[HikariPool-2 connection closer] [connection:568] - 11. Connection closed
INFO  21-05-03 20:34:02[HikariPool-2 connection closer] [audit:175] - 11. Connection.close() returned 
INFO  21-05-03 20:34:02[HikariPool-2 connection closer] [connection:568] - 12. Connection closed
INFO  21-05-03 20:34:02[HikariPool-2 connection closer] [audit:175] - 12. Connection.close() returned 
INFO  21-05-03 20:34:02[HikariPool-2 connection closer] [connection:568] - 13. Connection closed
INFO  21-05-03 20:34:02[HikariPool-2 connection closer] [audit:175] - 13. Connection.close() returned 
INFO  21-05-03 20:34:02[HikariPool-2 connection closer] [connection:568] - 14. Connection closed
INFO  21-05-03 20:34:02[HikariPool-2 connection closer] [audit:175] - 14. Connection.close() returned 
INFO  21-05-03 20:34:02[HikariPool-2 connection closer] [connection:568] - 15. Connection closed
INFO  21-05-03 20:34:02[HikariPool-2 connection closer] [audit:175] - 15. Connection.close() returned 
INFO  21-05-03 20:34:02[HikariPool-2 connection closer] [connection:568] - 16. Connection closed
INFO  21-05-03 20:34:02[HikariPool-2 connection closer] [audit:175] - 16. Connection.close() returned 
INFO  21-05-03 20:34:02[HikariPool-2 connection closer] [connection:568] - 17. Connection closed
INFO  21-05-03 20:34:02[HikariPool-2 connection closer] [audit:175] - 17. Connection.close() returned 
INFO  21-05-03 20:34:02[HikariPool-2 connection closer] [connection:568] - 18. Connection closed
INFO  21-05-03 20:34:02[HikariPool-2 connection closer] [audit:175] - 18. Connection.close() returned 
INFO  21-05-03 20:34:02[HikariPool-2 connection closer] [connection:568] - 19. Connection closed
INFO  21-05-03 20:34:02[HikariPool-2 connection closer] [audit:175] - 19. Connection.close() returned 
INFO  21-05-03 20:34:02[HikariPool-2 connection closer] [connection:568] - 20. Connection closed
INFO  21-05-03 20:34:02[HikariPool-2 connection closer] [audit:175] - 20. Connection.close() returned 
INFO  21-05-03 20:34:02[RMI TCP Connection(4)-127.0.0.1] [HikariDataSource:352] - HikariPool-2 - Shutdown completed.
INFO  21-05-03 20:34:05[restartedMain] [BoardExampleApplication:55] - Starting BoardExampleApplication using Java 1.8.0_191 on kiddingui-MacBook-Pro.local with PID 51181 (/Users/kidding/Documents/workspace-spring-tool-suite-4-4.6.1.RELEASE/boardExample/target/classes started by kidding in /Users/kidding/Documents/workspace-spring-tool-suite-4-4.6.1.RELEASE/boardExample)
INFO  21-05-03 20:34:05[restartedMain] [BoardExampleApplication:675] - No active profile set, falling back to default profiles: default
INFO  21-05-03 20:34:06[restartedMain] [DevToolsPropertyDefaultsPostProcessor:255] - Devtools property defaults active! Set 'spring.devtools.add-properties' to 'false' to disable
INFO  21-05-03 20:34:06[restartedMain] [DevToolsPropertyDefaultsPostProcessor:255] - For additional web related logging consider setting the 'logging.level.web' property to 'DEBUG'
DEBUG 21-05-03 20:34:06[restartedMain] [LogFactory:105] - Logging initialized using 'class org.apache.ibatis.logging.slf4j.Slf4jImpl' adapter.
INFO  21-05-03 20:34:07[restartedMain] [TomcatWebServer:108] - Tomcat initialized with port(s): 8080 (http)
INFO  21-05-03 20:34:07[restartedMain] [Http11NioProtocol:173] - Initializing ProtocolHandler ["http-nio-8080"]
INFO  21-05-03 20:34:07[restartedMain] [StandardService:173] - Starting service [Tomcat]
INFO  21-05-03 20:34:07[restartedMain] [StandardEngine:173] - Starting Servlet engine: [Apache Tomcat/9.0.45]
INFO  21-05-03 20:34:07[restartedMain] [TldScanner:173] - At least one JAR was scanned for TLDs yet contained no TLDs. Enable debug logging for this logger for a complete list of JARs that were scanned but no TLDs were found in them. Skipping unneeded JARs during scanning can improve startup time and JSP compilation time.
INFO  21-05-03 20:34:07[restartedMain] [[/]:173] - Initializing Spring embedded WebApplicationContext
INFO  21-05-03 20:34:07[restartedMain] [ServletWebServerApplicationContext:289] - Root WebApplicationContext: initialization completed in 1400 ms
INFO  21-05-03 20:34:07[restartedMain] [ThreadPoolTaskExecutor:181] - Initializing ExecutorService 'applicationTaskExecutor'
INFO  21-05-03 20:34:07[restartedMain] [WelcomePageHandlerMapping:53] - Adding welcome page: class path resource [static/index.html]
INFO  21-05-03 20:34:08[restartedMain] [OptionalLiveReloadServer:58] - LiveReload server is running on port 35729
INFO  21-05-03 20:34:08[restartedMain] [Http11NioProtocol:173] - Starting ProtocolHandler ["http-nio-8080"]
INFO  21-05-03 20:34:08[restartedMain] [TomcatWebServer:220] - Tomcat started on port(s): 8080 (http) with context path ''
INFO  21-05-03 20:34:08[restartedMain] [BoardExampleApplication:61] - Started BoardExampleApplication in 2.968 seconds (JVM running for 3.914)
INFO  21-05-03 20:34:10[http-nio-8080-exec-1] [[/]:173] - Initializing Spring DispatcherServlet 'dispatcherServlet'
INFO  21-05-03 20:34:10[http-nio-8080-exec-1] [DispatcherServlet:525] - Initializing Servlet 'dispatcherServlet'
INFO  21-05-03 20:34:10[http-nio-8080-exec-1] [DispatcherServlet:547] - Completed initialization in 1 ms
INFO  21-05-03 20:34:10[http-nio-8080-exec-1] [HikariDataSource:110] - HikariPool-1 - Starting...
DEBUG 21-05-03 20:34:10[http-nio-8080-exec-1] [sqltiming:368] -  com.zaxxer.hikari.pool.PoolBase.executeSql(PoolBase.java:577)
1. SELECT 1
 {executed in 0 msec}
INFO  21-05-03 20:34:10[http-nio-8080-exec-1] [HikariDataSource:123] - HikariPool-1 - Start completed.
DEBUG 21-05-03 20:34:10[http-nio-8080-exec-1] [sqltiming:368] -  com.zaxxer.hikari.pool.ProxyPreparedStatement.execute(ProxyPreparedStatement.java:44)
1. SELECT 'GOD' AS NAME
 {executed in 1 msec}
INFO  21-05-03 21:02:37[Thread-7] [ThreadPoolTaskExecutor:218] - Shutting down ExecutorService 'applicationTaskExecutor'
INFO  21-05-03 21:02:37[Thread-7] [HikariDataSource:350] - HikariPool-1 - Shutdown initiated...
INFO  21-05-03 21:02:37[Thread-7] [HikariDataSource:352] - HikariPool-1 - Shutdown completed.
INFO  21-05-03 21:02:38[restartedMain] [BoardExampleApplication:55] - Starting BoardExampleApplication using Java 1.8.0_191 on kiddingui-MacBook-Pro.local with PID 51181 (/Users/kidding/Documents/workspace-spring-tool-suite-4-4.6.1.RELEASE/boardExample/target/classes started by kidding in /Users/kidding/Documents/workspace-spring-tool-suite-4-4.6.1.RELEASE/boardExample)
INFO  21-05-03 21:02:38[restartedMain] [BoardExampleApplication:675] - No active profile set, falling back to default profiles: default
INFO  21-05-03 21:02:38[restartedMain] [TomcatWebServer:108] - Tomcat initialized with port(s): 8080 (http)
INFO  21-05-03 21:02:38[restartedMain] [Http11NioProtocol:173] - Initializing ProtocolHandler ["http-nio-8080"]
INFO  21-05-03 21:02:38[restartedMain] [StandardService:173] - Starting service [Tomcat]
INFO  21-05-03 21:02:38[restartedMain] [StandardEngine:173] - Starting Servlet engine: [Apache Tomcat/9.0.45]
INFO  21-05-03 21:02:38[restartedMain] [TldScanner:173] - At least one JAR was scanned for TLDs yet contained no TLDs. Enable debug logging for this logger for a complete list of JARs that were scanned but no TLDs were found in them. Skipping unneeded JARs during scanning can improve startup time and JSP compilation time.
INFO  21-05-03 21:02:39[restartedMain] [[/]:173] - Initializing Spring embedded WebApplicationContext
INFO  21-05-03 21:02:39[restartedMain] [ServletWebServerApplicationContext:289] - Root WebApplicationContext: initialization completed in 945 ms
INFO  21-05-03 21:02:39[restartedMain] [ThreadPoolTaskExecutor:181] - Initializing ExecutorService 'applicationTaskExecutor'
INFO  21-05-03 21:02:39[restartedMain] [WelcomePageHandlerMapping:53] - Adding welcome page: class path resource [static/index.html]
INFO  21-05-03 21:02:39[restartedMain] [OptionalLiveReloadServer:58] - LiveReload server is running on port 35729
INFO  21-05-03 21:02:39[restartedMain] [Http11NioProtocol:173] - Starting ProtocolHandler ["http-nio-8080"]
INFO  21-05-03 21:02:39[restartedMain] [TomcatWebServer:220] - Tomcat started on port(s): 8080 (http) with context path ''
INFO  21-05-03 21:02:39[restartedMain] [BoardExampleApplication:61] - Started BoardExampleApplication in 1.337 seconds (JVM running for 1714.802)
INFO  21-05-03 21:02:39[restartedMain] [ConditionEvaluationDeltaLoggingListener:63] - Condition evaluation unchanged
INFO  21-05-03 21:02:40[Thread-10] [ThreadPoolTaskExecutor:218] - Shutting down ExecutorService 'applicationTaskExecutor'
INFO  21-05-03 21:02:40[restartedMain] [BoardExampleApplication:55] - Starting BoardExampleApplication using Java 1.8.0_191 on kiddingui-MacBook-Pro.local with PID 51181 (/Users/kidding/Documents/workspace-spring-tool-suite-4-4.6.1.RELEASE/boardExample/target/classes started by kidding in /Users/kidding/Documents/workspace-spring-tool-suite-4-4.6.1.RELEASE/boardExample)
INFO  21-05-03 21:02:40[restartedMain] [BoardExampleApplication:675] - No active profile set, falling back to default profiles: default
INFO  21-05-03 21:02:41[restartedMain] [TomcatWebServer:108] - Tomcat initialized with port(s): 8080 (http)
INFO  21-05-03 21:02:41[restartedMain] [Http11NioProtocol:173] - Initializing ProtocolHandler ["http-nio-8080"]
INFO  21-05-03 21:02:41[restartedMain] [StandardService:173] - Starting service [Tomcat]
INFO  21-05-03 21:02:41[restartedMain] [StandardEngine:173] - Starting Servlet engine: [Apache Tomcat/9.0.45]
INFO  21-05-03 21:02:41[restartedMain] [TldScanner:173] - At least one JAR was scanned for TLDs yet contained no TLDs. Enable debug logging for this logger for a complete list of JARs that were scanned but no TLDs were found in them. Skipping unneeded JARs during scanning can improve startup time and JSP compilation time.
INFO  21-05-03 21:02:41[restartedMain] [[/]:173] - Initializing Spring embedded WebApplicationContext
INFO  21-05-03 21:02:41[restartedMain] [ServletWebServerApplicationContext:289] - Root WebApplicationContext: initialization completed in 293 ms
INFO  21-05-03 21:02:41[restartedMain] [ThreadPoolTaskExecutor:181] - Initializing ExecutorService 'applicationTaskExecutor'
INFO  21-05-03 21:02:41[restartedMain] [WelcomePageHandlerMapping:53] - Adding welcome page: class path resource [static/index.html]
INFO  21-05-03 21:02:41[restartedMain] [OptionalLiveReloadServer:58] - LiveReload server is running on port 35729
INFO  21-05-03 21:02:41[restartedMain] [Http11NioProtocol:173] - Starting ProtocolHandler ["http-nio-8080"]
INFO  21-05-03 21:02:41[restartedMain] [TomcatWebServer:220] - Tomcat started on port(s): 8080 (http) with context path ''
INFO  21-05-03 21:02:41[restartedMain] [BoardExampleApplication:61] - Started BoardExampleApplication in 0.629 seconds (JVM running for 1717.072)
INFO  21-05-03 21:02:41[restartedMain] [ConditionEvaluationDeltaLoggingListener:63] - Condition evaluation unchanged
INFO  21-05-03 21:02:43[RMI TCP Connection(4)-127.0.0.1] [SpringApplicationAdminMXBeanRegistrar$SpringApplicationAdmin:159] - Application shutdown requested.
INFO  21-05-03 21:02:43[RMI TCP Connection(4)-127.0.0.1] [ThreadPoolTaskExecutor:218] - Shutting down ExecutorService 'applicationTaskExecutor'
INFO  21-05-03 22:22:55[restartedMain] [BoardExampleApplication:55] - Starting BoardExampleApplication using Java 1.8.0_191 on kiddingui-MacBook-Pro.local with PID 62666 (/Users/kidding/Documents/workspace-spring-tool-suite-4-4.6.1.RELEASE/boardExample/target/classes started by kidding in /Users/kidding/Documents/workspace-spring-tool-suite-4-4.6.1.RELEASE/boardExample)
INFO  21-05-03 22:22:55[restartedMain] [BoardExampleApplication:675] - No active profile set, falling back to default profiles: default
INFO  21-05-03 22:22:55[restartedMain] [DevToolsPropertyDefaultsPostProcessor:255] - Devtools property defaults active! Set 'spring.devtools.add-properties' to 'false' to disable
INFO  21-05-03 22:22:55[restartedMain] [DevToolsPropertyDefaultsPostProcessor:255] - For additional web related logging consider setting the 'logging.level.web' property to 'DEBUG'
INFO  21-05-03 22:22:56[restartedMain] [RepositoryConfigurationDelegate:128] - Bootstrapping Spring Data JPA repositories in DEFAULT mode.
INFO  21-05-03 22:22:57[restartedMain] [RepositoryConfigurationDelegate:188] - Finished Spring Data repository scanning in 71 ms. Found 1 JPA repository interfaces.
DEBUG 21-05-03 22:22:57[restartedMain] [LogFactory:105] - Logging initialized using 'class org.apache.ibatis.logging.slf4j.Slf4jImpl' adapter.
INFO  21-05-03 22:22:58[restartedMain] [TomcatWebServer:108] - Tomcat initialized with port(s): 8080 (http)
INFO  21-05-03 22:22:58[restartedMain] [Http11NioProtocol:173] - Initializing ProtocolHandler ["http-nio-8080"]
INFO  21-05-03 22:22:58[restartedMain] [StandardService:173] - Starting service [Tomcat]
INFO  21-05-03 22:22:58[restartedMain] [StandardEngine:173] - Starting Servlet engine: [Apache Tomcat/9.0.45]
INFO  21-05-03 22:22:58[restartedMain] [TldScanner:173] - At least one JAR was scanned for TLDs yet contained no TLDs. Enable debug logging for this logger for a complete list of JARs that were scanned but no TLDs were found in them. Skipping unneeded JARs during scanning can improve startup time and JSP compilation time.
INFO  21-05-03 22:22:58[restartedMain] [[/]:173] - Initializing Spring embedded WebApplicationContext
INFO  21-05-03 22:22:58[restartedMain] [ServletWebServerApplicationContext:289] - Root WebApplicationContext: initialization completed in 2599 ms
INFO  21-05-03 22:22:58[restartedMain] [HikariDataSource:110] - HikariPool-1 - Starting...
DEBUG 21-05-03 22:22:58[restartedMain] [sqltiming:368] -  com.zaxxer.hikari.pool.PoolBase.executeSql(PoolBase.java:577)
1. SELECT 1
 {executed in 0 msec}
INFO  21-05-03 22:22:58[restartedMain] [HikariDataSource:123] - HikariPool-1 - Start completed.
INFO  21-05-03 22:22:58[restartedMain] [LogHelper:31] - HHH000204: Processing PersistenceUnitInfo [name: default]
INFO  21-05-03 22:22:58[restartedMain] [Version:44] - HHH000412: Hibernate ORM core version 5.4.30.Final
INFO  21-05-03 22:22:59[restartedMain] [Version:56] - HCANN000001: Hibernate Commons Annotations {5.1.2.Final}
DEBUG 21-05-03 22:22:59[restartedMain] [sqltiming:368] -  com.zaxxer.hikari.pool.PoolBase.isConnectionAlive(PoolBase.java:169)
1. SELECT 1
 {executed in 1 msec}
INFO  21-05-03 22:22:59[restartedMain] [Dialect:175] - HHH000400: Using dialect: org.hibernate.dialect.MariaDB103Dialect
DEBUG 21-05-03 22:22:59[restartedMain] [sqltiming:368] -  com.zaxxer.hikari.pool.ProxyStatement.executeQuery(ProxyStatement.java:111)
1. select table_name from information_schema.TABLES where table_schema = database() and table_type = 'SEQUENCE'
 {executed in 10 msec}
INFO  21-05-03 22:22:59[restartedMain] [JtaPlatformInitiator:52] - HHH000490: Using JtaPlatform implementation: [org.hibernate.engine.transaction.jta.platform.internal.NoJtaPlatform]
INFO  21-05-03 22:22:59[restartedMain] [LocalContainerEntityManagerFactoryBean:437] - Initialized JPA EntityManagerFactory for persistence unit 'default'
DEBUG 21-05-03 22:22:59[restartedMain] [sqltiming:368] -  com.zaxxer.hikari.pool.PoolBase.isConnectionAlive(PoolBase.java:169)
1. SELECT 1
 {executed in 0 msec}
WARN  21-05-03 22:23:00[restartedMain] [JpaBaseConfiguration$JpaWebConfiguration:221] - spring.jpa.open-in-view is enabled by default. Therefore, database queries may be performed during view rendering. Explicitly configure spring.jpa.open-in-view to disable this warning
INFO  21-05-03 22:23:00[restartedMain] [ThreadPoolTaskExecutor:181] - Initializing ExecutorService 'applicationTaskExecutor'
INFO  21-05-03 22:23:00[restartedMain] [WelcomePageHandlerMapping:53] - Adding welcome page: class path resource [static/index.html]
INFO  21-05-03 22:23:01[restartedMain] [OptionalLiveReloadServer:58] - LiveReload server is running on port 35729
INFO  21-05-03 22:23:01[restartedMain] [Http11NioProtocol:173] - Starting ProtocolHandler ["http-nio-8080"]
INFO  21-05-03 22:23:01[restartedMain] [TomcatWebServer:220] - Tomcat started on port(s): 8080 (http) with context path ''
INFO  21-05-03 22:23:01[restartedMain] [BoardExampleApplication:61] - Started BoardExampleApplication in 5.953 seconds (JVM running for 7.014)
INFO  21-05-03 22:25:47[http-nio-8080-exec-2] [[/]:173] - Initializing Spring DispatcherServlet 'dispatcherServlet'
INFO  21-05-03 22:25:47[http-nio-8080-exec-2] [DispatcherServlet:525] - Initializing Servlet 'dispatcherServlet'
INFO  21-05-03 22:25:47[http-nio-8080-exec-2] [DispatcherServlet:547] - Completed initialization in 2 ms
DEBUG 21-05-03 22:25:47[http-nio-8080-exec-2] [sqltiming:368] -  com.zaxxer.hikari.pool.PoolBase.isConnectionAlive(PoolBase.java:169)
1. SELECT 1
 {executed in 0 msec}
DEBUG 21-05-03 22:25:47[http-nio-8080-exec-2] [sqltiming:368] -  com.zaxxer.hikari.pool.ProxyPreparedStatement.executeUpdate(ProxyPreparedStatement.java:61)
1. insert into member (id, name) values ('gaiga', 'gaik Kim')
 {executed in 10 msec}
DEBUG 21-05-03 22:25:47[http-nio-8080-exec-2] [sqltiming:368] -  com.zaxxer.hikari.pool.ProxyStatement.getGeneratedKeys(ProxyStatement.java:230)
1. getGeneratedKeys on query: insert into member (id, name) values ('gaiga', 'gaik Kim')
 {executed in 2 msec}
DEBUG 21-05-03 22:26:48[http-nio-8080-exec-5] [sqltiming:368] -  com.zaxxer.hikari.pool.PoolBase.isConnectionAlive(PoolBase.java:169)
1. SELECT 1
 {executed in 1 msec}
DEBUG 21-05-03 22:26:48[http-nio-8080-exec-5] [sqltiming:368] -  com.zaxxer.hikari.pool.ProxyPreparedStatement.executeUpdate(ProxyPreparedStatement.java:61)
1. insert into member (id, name) values ('gwen', 'goun Park')
 {executed in 3 msec}
DEBUG 21-05-03 22:26:48[http-nio-8080-exec-5] [sqltiming:368] -  com.zaxxer.hikari.pool.ProxyStatement.getGeneratedKeys(ProxyStatement.java:230)
1. getGeneratedKeys on query: insert into member (id, name) values ('gwen', 'goun Park')
 {executed in 0 msec}
INFO  21-05-03 22:27:22[Thread-7] [ThreadPoolTaskExecutor:218] - Shutting down ExecutorService 'applicationTaskExecutor'
INFO  21-05-03 22:27:22[Thread-7] [LocalContainerEntityManagerFactoryBean:651] - Closing JPA EntityManagerFactory for persistence unit 'default'
INFO  21-05-03 22:27:22[Thread-7] [HikariDataSource:350] - HikariPool-1 - Shutdown initiated...
INFO  21-05-03 22:27:22[Thread-7] [HikariDataSource:352] - HikariPool-1 - Shutdown completed.
INFO  21-05-03 22:27:22[restartedMain] [BoardExampleApplication:55] - Starting BoardExampleApplication using Java 1.8.0_191 on kiddingui-MacBook-Pro.local with PID 62666 (/Users/kidding/Documents/workspace-spring-tool-suite-4-4.6.1.RELEASE/boardExample/target/classes started by kidding in /Users/kidding/Documents/workspace-spring-tool-suite-4-4.6.1.RELEASE/boardExample)
INFO  21-05-03 22:27:22[restartedMain] [BoardExampleApplication:675] - No active profile set, falling back to default profiles: default
INFO  21-05-03 22:27:23[restartedMain] [RepositoryConfigurationDelegate:128] - Bootstrapping Spring Data JPA repositories in DEFAULT mode.
INFO  21-05-03 22:27:23[restartedMain] [RepositoryConfigurationDelegate:188] - Finished Spring Data repository scanning in 9 ms. Found 1 JPA repository interfaces.
INFO  21-05-03 22:27:23[restartedMain] [TomcatWebServer:108] - Tomcat initialized with port(s): 8080 (http)
INFO  21-05-03 22:27:23[restartedMain] [Http11NioProtocol:173] - Initializing ProtocolHandler ["http-nio-8080"]
INFO  21-05-03 22:27:23[restartedMain] [StandardService:173] - Starting service [Tomcat]
INFO  21-05-03 22:27:23[restartedMain] [StandardEngine:173] - Starting Servlet engine: [Apache Tomcat/9.0.45]
INFO  21-05-03 22:27:23[restartedMain] [TldScanner:173] - At least one JAR was scanned for TLDs yet contained no TLDs. Enable debug logging for this logger for a complete list of JARs that were scanned but no TLDs were found in them. Skipping unneeded JARs during scanning can improve startup time and JSP compilation time.
INFO  21-05-03 22:27:23[restartedMain] [[/]:173] - Initializing Spring embedded WebApplicationContext
INFO  21-05-03 22:27:23[restartedMain] [ServletWebServerApplicationContext:289] - Root WebApplicationContext: initialization completed in 482 ms
INFO  21-05-03 22:27:23[restartedMain] [HikariDataSource:110] - HikariPool-2 - Starting...
DEBUG 21-05-03 22:27:23[restartedMain] [sqltiming:368] -  com.zaxxer.hikari.pool.PoolBase.executeSql(PoolBase.java:577)
11. SELECT 1
 {executed in 1 msec}
INFO  21-05-03 22:27:23[restartedMain] [HikariDataSource:123] - HikariPool-2 - Start completed.
INFO  21-05-03 22:27:23[restartedMain] [LogHelper:31] - HHH000204: Processing PersistenceUnitInfo [name: default]
INFO  21-05-03 22:27:23[restartedMain] [Dialect:175] - HHH000400: Using dialect: org.hibernate.dialect.MariaDB103Dialect
DEBUG 21-05-03 22:27:23[restartedMain] [sqltiming:368] -  com.zaxxer.hikari.pool.ProxyStatement.executeQuery(ProxyStatement.java:111)
11. select table_name from information_schema.TABLES where table_schema = database() and table_type = 'SEQUENCE'
 {executed in 1 msec}
INFO  21-05-03 22:27:23[restartedMain] [JtaPlatformInitiator:52] - HHH000490: Using JtaPlatform implementation: [org.hibernate.engine.transaction.jta.platform.internal.NoJtaPlatform]
INFO  21-05-03 22:27:23[restartedMain] [LocalContainerEntityManagerFactoryBean:437] - Initialized JPA EntityManagerFactory for persistence unit 'default'
WARN  21-05-03 22:27:23[restartedMain] [JpaBaseConfiguration$JpaWebConfiguration:221] - spring.jpa.open-in-view is enabled by default. Therefore, database queries may be performed during view rendering. Explicitly configure spring.jpa.open-in-view to disable this warning
INFO  21-05-03 22:27:23[restartedMain] [ThreadPoolTaskExecutor:181] - Initializing ExecutorService 'applicationTaskExecutor'
INFO  21-05-03 22:27:23[restartedMain] [WelcomePageHandlerMapping:53] - Adding welcome page: class path resource [static/index.html]
INFO  21-05-03 22:27:23[restartedMain] [OptionalLiveReloadServer:58] - LiveReload server is running on port 35729
INFO  21-05-03 22:27:23[restartedMain] [Http11NioProtocol:173] - Starting ProtocolHandler ["http-nio-8080"]
INFO  21-05-03 22:27:23[restartedMain] [TomcatWebServer:220] - Tomcat started on port(s): 8080 (http) with context path ''
INFO  21-05-03 22:27:23[restartedMain] [BoardExampleApplication:61] - Started BoardExampleApplication in 1.16 seconds (JVM running for 269.659)
INFO  21-05-03 22:27:23[restartedMain] [ConditionEvaluationDeltaLoggingListener:63] - Condition evaluation unchanged
INFO  21-05-03 22:27:27[RMI TCP Connection(3)-127.0.0.1] [SpringApplicationAdminMXBeanRegistrar$SpringApplicationAdmin:159] - Application shutdown requested.
INFO  21-05-03 22:27:27[RMI TCP Connection(3)-127.0.0.1] [ThreadPoolTaskExecutor:218] - Shutting down ExecutorService 'applicationTaskExecutor'
INFO  21-05-03 22:27:27[RMI TCP Connection(3)-127.0.0.1] [LocalContainerEntityManagerFactoryBean:651] - Closing JPA EntityManagerFactory for persistence unit 'default'
INFO  21-05-03 22:27:27[RMI TCP Connection(3)-127.0.0.1] [HikariDataSource:350] - HikariPool-2 - Shutdown initiated...
INFO  21-05-03 22:27:27[RMI TCP Connection(3)-127.0.0.1] [HikariDataSource:352] - HikariPool-2 - Shutdown completed.
INFO  21-05-03 22:27:29[restartedMain] [BoardExampleApplication:55] - Starting BoardExampleApplication using Java 1.8.0_191 on kiddingui-MacBook-Pro.local with PID 63217 (/Users/kidding/Documents/workspace-spring-tool-suite-4-4.6.1.RELEASE/boardExample/target/classes started by kidding in /Users/kidding/Documents/workspace-spring-tool-suite-4-4.6.1.RELEASE/boardExample)
INFO  21-05-03 22:27:29[restartedMain] [BoardExampleApplication:675] - No active profile set, falling back to default profiles: default
INFO  21-05-03 22:27:29[restartedMain] [DevToolsPropertyDefaultsPostProcessor:255] - Devtools property defaults active! Set 'spring.devtools.add-properties' to 'false' to disable
INFO  21-05-03 22:27:29[restartedMain] [DevToolsPropertyDefaultsPostProcessor:255] - For additional web related logging consider setting the 'logging.level.web' property to 'DEBUG'
INFO  21-05-03 22:27:30[restartedMain] [RepositoryConfigurationDelegate:128] - Bootstrapping Spring Data JPA repositories in DEFAULT mode.
INFO  21-05-03 22:27:30[restartedMain] [RepositoryConfigurationDelegate:188] - Finished Spring Data repository scanning in 48 ms. Found 1 JPA repository interfaces.
DEBUG 21-05-03 22:27:30[restartedMain] [LogFactory:105] - Logging initialized using 'class org.apache.ibatis.logging.slf4j.Slf4jImpl' adapter.
INFO  21-05-03 22:27:31[restartedMain] [TomcatWebServer:108] - Tomcat initialized with port(s): 8080 (http)
INFO  21-05-03 22:27:31[restartedMain] [Http11NioProtocol:173] - Initializing ProtocolHandler ["http-nio-8080"]
INFO  21-05-03 22:27:31[restartedMain] [StandardService:173] - Starting service [Tomcat]
INFO  21-05-03 22:27:31[restartedMain] [StandardEngine:173] - Starting Servlet engine: [Apache Tomcat/9.0.45]
INFO  21-05-03 22:27:31[restartedMain] [TldScanner:173] - At least one JAR was scanned for TLDs yet contained no TLDs. Enable debug logging for this logger for a complete list of JARs that were scanned but no TLDs were found in them. Skipping unneeded JARs during scanning can improve startup time and JSP compilation time.
INFO  21-05-03 22:27:31[restartedMain] [[/]:173] - Initializing Spring embedded WebApplicationContext
INFO  21-05-03 22:27:31[restartedMain] [ServletWebServerApplicationContext:289] - Root WebApplicationContext: initialization completed in 2018 ms
INFO  21-05-03 22:27:31[restartedMain] [HikariDataSource:110] - HikariPool-1 - Starting...
DEBUG 21-05-03 22:27:32[restartedMain] [sqltiming:368] -  com.zaxxer.hikari.pool.PoolBase.executeSql(PoolBase.java:577)
1. SELECT 1
 {executed in 0 msec}
INFO  21-05-03 22:27:32[restartedMain] [HikariDataSource:123] - HikariPool-1 - Start completed.
INFO  21-05-03 22:27:32[restartedMain] [LogHelper:31] - HHH000204: Processing PersistenceUnitInfo [name: default]
INFO  21-05-03 22:27:32[restartedMain] [Version:44] - HHH000412: Hibernate ORM core version 5.4.30.Final
INFO  21-05-03 22:27:32[restartedMain] [Version:56] - HCANN000001: Hibernate Commons Annotations {5.1.2.Final}
DEBUG 21-05-03 22:27:32[restartedMain] [sqltiming:368] -  com.zaxxer.hikari.pool.PoolBase.isConnectionAlive(PoolBase.java:169)
1. SELECT 1
 {executed in 0 msec}
INFO  21-05-03 22:27:32[restartedMain] [Dialect:175] - HHH000400: Using dialect: org.hibernate.dialect.MariaDB103Dialect
DEBUG 21-05-03 22:27:32[restartedMain] [sqltiming:368] -  com.zaxxer.hikari.pool.ProxyStatement.executeQuery(ProxyStatement.java:111)
1. select table_name from information_schema.TABLES where table_schema = database() and table_type = 'SEQUENCE'
 {executed in 2 msec}
INFO  21-05-03 22:27:33[restartedMain] [JtaPlatformInitiator:52] - HHH000490: Using JtaPlatform implementation: [org.hibernate.engine.transaction.jta.platform.internal.NoJtaPlatform]
INFO  21-05-03 22:27:33[restartedMain] [LocalContainerEntityManagerFactoryBean:437] - Initialized JPA EntityManagerFactory for persistence unit 'default'
DEBUG 21-05-03 22:27:33[restartedMain] [sqltiming:368] -  com.zaxxer.hikari.pool.PoolBase.isConnectionAlive(PoolBase.java:169)
1. SELECT 1
 {executed in 0 msec}
WARN  21-05-03 22:27:34[restartedMain] [JpaBaseConfiguration$JpaWebConfiguration:221] - spring.jpa.open-in-view is enabled by default. Therefore, database queries may be performed during view rendering. Explicitly configure spring.jpa.open-in-view to disable this warning
INFO  21-05-03 22:27:34[restartedMain] [ThreadPoolTaskExecutor:181] - Initializing ExecutorService 'applicationTaskExecutor'
INFO  21-05-03 22:27:34[restartedMain] [WelcomePageHandlerMapping:53] - Adding welcome page: class path resource [static/index.html]
INFO  21-05-03 22:27:35[restartedMain] [OptionalLiveReloadServer:58] - LiveReload server is running on port 35729
INFO  21-05-03 22:27:35[restartedMain] [Http11NioProtocol:173] - Starting ProtocolHandler ["http-nio-8080"]
INFO  21-05-03 22:27:35[restartedMain] [TomcatWebServer:220] - Tomcat started on port(s): 8080 (http) with context path ''
INFO  21-05-03 22:27:35[restartedMain] [BoardExampleApplication:61] - Started BoardExampleApplication in 6.184 seconds (JVM running for 6.965)
INFO  21-05-03 22:27:45[http-nio-8080-exec-1] [[/]:173] - Initializing Spring DispatcherServlet 'dispatcherServlet'
INFO  21-05-03 22:27:45[http-nio-8080-exec-1] [DispatcherServlet:525] - Initializing Servlet 'dispatcherServlet'
INFO  21-05-03 22:27:45[http-nio-8080-exec-1] [DispatcherServlet:547] - Completed initialization in 2 ms
DEBUG 21-05-03 22:27:45[http-nio-8080-exec-1] [sqltiming:368] -  com.zaxxer.hikari.pool.PoolBase.isConnectionAlive(PoolBase.java:169)
1. SELECT 1
 {executed in 0 msec}
DEBUG 21-05-03 22:27:46[http-nio-8080-exec-1] [sqltiming:368] -  com.zaxxer.hikari.pool.ProxyPreparedStatement.executeQuery(ProxyPreparedStatement.java:52)
1. select membervo0_.mbr_no as mbr_no1_0_, membervo0_.id as id2_0_, membervo0_.name as name3_0_ from member membervo0_
 {executed in 3 msec}
INFO  21-05-03 22:28:45[Thread-7] [ThreadPoolTaskExecutor:218] - Shutting down ExecutorService 'applicationTaskExecutor'
INFO  21-05-03 22:28:45[Thread-7] [LocalContainerEntityManagerFactoryBean:651] - Closing JPA EntityManagerFactory for persistence unit 'default'
INFO  21-05-03 22:28:45[Thread-7] [HikariDataSource:350] - HikariPool-1 - Shutdown initiated...
INFO  21-05-03 22:28:45[Thread-7] [HikariDataSource:352] - HikariPool-1 - Shutdown completed.
INFO  21-05-03 22:28:45[restartedMain] [BoardExampleApplication:55] - Starting BoardExampleApplication using Java 1.8.0_191 on kiddingui-MacBook-Pro.local with PID 63217 (/Users/kidding/Documents/workspace-spring-tool-suite-4-4.6.1.RELEASE/boardExample/target/classes started by kidding in /Users/kidding/Documents/workspace-spring-tool-suite-4-4.6.1.RELEASE/boardExample)
INFO  21-05-03 22:28:45[restartedMain] [BoardExampleApplication:675] - No active profile set, falling back to default profiles: default
INFO  21-05-03 22:28:45[restartedMain] [RepositoryConfigurationDelegate:128] - Bootstrapping Spring Data JPA repositories in DEFAULT mode.
INFO  21-05-03 22:28:45[restartedMain] [RepositoryConfigurationDelegate:188] - Finished Spring Data repository scanning in 10 ms. Found 1 JPA repository interfaces.
INFO  21-05-03 22:28:45[restartedMain] [TomcatWebServer:108] - Tomcat initialized with port(s): 8080 (http)
INFO  21-05-03 22:28:45[restartedMain] [Http11NioProtocol:173] - Initializing ProtocolHandler ["http-nio-8080"]
INFO  21-05-03 22:28:45[restartedMain] [StandardService:173] - Starting service [Tomcat]
INFO  21-05-03 22:28:45[restartedMain] [StandardEngine:173] - Starting Servlet engine: [Apache Tomcat/9.0.45]
INFO  21-05-03 22:28:45[restartedMain] [TldScanner:173] - At least one JAR was scanned for TLDs yet contained no TLDs. Enable debug logging for this logger for a complete list of JARs that were scanned but no TLDs were found in them. Skipping unneeded JARs during scanning can improve startup time and JSP compilation time.
INFO  21-05-03 22:28:45[restartedMain] [[/]:173] - Initializing Spring embedded WebApplicationContext
INFO  21-05-03 22:28:45[restartedMain] [ServletWebServerApplicationContext:289] - Root WebApplicationContext: initialization completed in 536 ms
INFO  21-05-03 22:28:46[restartedMain] [HikariDataSource:110] - HikariPool-2 - Starting...
DEBUG 21-05-03 22:28:46[restartedMain] [sqltiming:368] -  com.zaxxer.hikari.pool.PoolBase.executeSql(PoolBase.java:577)
11. SELECT 1
 {executed in 0 msec}
INFO  21-05-03 22:28:46[restartedMain] [HikariDataSource:123] - HikariPool-2 - Start completed.
INFO  21-05-03 22:28:46[restartedMain] [LogHelper:31] - HHH000204: Processing PersistenceUnitInfo [name: default]
INFO  21-05-03 22:28:46[restartedMain] [Dialect:175] - HHH000400: Using dialect: org.hibernate.dialect.MariaDB103Dialect
DEBUG 21-05-03 22:28:46[restartedMain] [sqltiming:368] -  com.zaxxer.hikari.pool.ProxyStatement.executeQuery(ProxyStatement.java:111)
11. select table_name from information_schema.TABLES where table_schema = database() and table_type = 'SEQUENCE'
 {executed in 4 msec}
INFO  21-05-03 22:28:46[restartedMain] [JtaPlatformInitiator:52] - HHH000490: Using JtaPlatform implementation: [org.hibernate.engine.transaction.jta.platform.internal.NoJtaPlatform]
INFO  21-05-03 22:28:46[restartedMain] [LocalContainerEntityManagerFactoryBean:437] - Initialized JPA EntityManagerFactory for persistence unit 'default'
WARN  21-05-03 22:28:46[restartedMain] [JpaBaseConfiguration$JpaWebConfiguration:221] - spring.jpa.open-in-view is enabled by default. Therefore, database queries may be performed during view rendering. Explicitly configure spring.jpa.open-in-view to disable this warning
INFO  21-05-03 22:28:46[restartedMain] [ThreadPoolTaskExecutor:181] - Initializing ExecutorService 'applicationTaskExecutor'
INFO  21-05-03 22:28:46[restartedMain] [WelcomePageHandlerMapping:53] - Adding welcome page: class path resource [static/index.html]
INFO  21-05-03 22:28:46[restartedMain] [OptionalLiveReloadServer:58] - LiveReload server is running on port 35729
INFO  21-05-03 22:28:46[restartedMain] [Http11NioProtocol:173] - Starting ProtocolHandler ["http-nio-8080"]
INFO  21-05-03 22:28:46[restartedMain] [TomcatWebServer:220] - Tomcat started on port(s): 8080 (http) with context path ''
INFO  21-05-03 22:28:46[restartedMain] [BoardExampleApplication:61] - Started BoardExampleApplication in 1.049 seconds (JVM running for 78.043)
INFO  21-05-03 22:28:46[restartedMain] [ConditionEvaluationDeltaLoggingListener:63] - Condition evaluation unchanged
INFO  21-05-03 22:28:51[http-nio-8080-exec-2] [[/]:173] - Initializing Spring DispatcherServlet 'dispatcherServlet'
INFO  21-05-03 22:28:51[http-nio-8080-exec-2] [DispatcherServlet:525] - Initializing Servlet 'dispatcherServlet'
INFO  21-05-03 22:28:51[http-nio-8080-exec-2] [DispatcherServlet:547] - Completed initialization in 1 ms
DEBUG 21-05-03 22:28:51[http-nio-8080-exec-2] [sqltiming:368] -  com.zaxxer.hikari.pool.PoolBase.isConnectionAlive(PoolBase.java:169)
11. SELECT 1
 {executed in 0 msec}
DEBUG 21-05-03 22:28:51[http-nio-8080-exec-2] [sqltiming:368] -  com.zaxxer.hikari.pool.ProxyPreparedStatement.executeQuery(ProxyPreparedStatement.java:52)
11. /* select generatedAlias0 from member as generatedAlias0 */ select membervo0_.mbr_no as mbr_no1_0_, membervo0_.id as id2_0_, membervo0_.name as name3_0_ from member membervo0_
 {executed in 1 msec}
DEBUG 21-05-03 22:29:26[http-nio-8080-exec-3] [sqltiming:368] -  com.zaxxer.hikari.pool.PoolBase.isConnectionAlive(PoolBase.java:169)
11. SELECT 1
 {executed in 0 msec}
DEBUG 21-05-03 22:29:26[http-nio-8080-exec-3] [sqltiming:368] -  com.zaxxer.hikari.pool.ProxyPreparedStatement.executeQuery(ProxyPreparedStatement.java:52)
11. select membervo0_.mbr_no as mbr_no1_0_0_, membervo0_.id as id2_0_0_, membervo0_.name as name3_0_0_ from member membervo0_ where membervo0_.mbr_no=2
 {executed in 34 msec}
DEBUG 21-05-03 22:29:48[http-nio-8080-exec-4] [sqltiming:368] -  com.zaxxer.hikari.pool.PoolBase.isConnectionAlive(PoolBase.java:169)
11. SELECT 1
 {executed in 2 msec}
DEBUG 21-05-03 22:29:48[http-nio-8080-exec-4] [sqltiming:368] -  com.zaxxer.hikari.pool.ProxyPreparedStatement.executeQuery(ProxyPreparedStatement.java:52)
11. select membervo0_.mbr_no as mbr_no1_0_0_, membervo0_.id as id2_0_0_, membervo0_.name as name3_0_0_ from member membervo0_ where membervo0_.mbr_no=1
 {executed in 2 msec}
DEBUG 21-05-03 22:29:48[http-nio-8080-exec-4] [sqltiming:368] -  com.zaxxer.hikari.pool.ProxyPreparedStatement.executeUpdate(ProxyPreparedStatement.java:61)
11. /* delete org.gaiga.jpatest.vo.MemberVO */ delete from member where mbr_no=1
 {executed in 9 msec}
DEBUG 21-05-03 22:29:55[http-nio-8080-exec-5] [sqltiming:368] -  com.zaxxer.hikari.pool.PoolBase.isConnectionAlive(PoolBase.java:169)
11. SELECT 1
 {executed in 1 msec}
DEBUG 21-05-03 22:29:55[http-nio-8080-exec-5] [sqltiming:368] -  com.zaxxer.hikari.pool.ProxyPreparedStatement.executeQuery(ProxyPreparedStatement.java:52)
11. /* select generatedAlias0 from member as generatedAlias0 */ select membervo0_.mbr_no as mbr_no1_0_, membervo0_.id as id2_0_, membervo0_.name as name3_0_ from member membervo0_
 {executed in 1 msec}
INFO  21-05-03 22:30:05[RMI TCP Connection(4)-127.0.0.1] [SpringApplicationAdminMXBeanRegistrar$SpringApplicationAdmin:159] - Application shutdown requested.
INFO  21-05-03 22:30:05[RMI TCP Connection(4)-127.0.0.1] [ThreadPoolTaskExecutor:218] - Shutting down ExecutorService 'applicationTaskExecutor'
INFO  21-05-03 22:30:05[RMI TCP Connection(4)-127.0.0.1] [LocalContainerEntityManagerFactoryBean:651] - Closing JPA EntityManagerFactory for persistence unit 'default'
INFO  21-05-03 22:30:05[RMI TCP Connection(4)-127.0.0.1] [HikariDataSource:350] - HikariPool-2 - Shutdown initiated...
INFO  21-05-03 22:30:05[RMI TCP Connection(4)-127.0.0.1] [HikariDataSource:352] - HikariPool-2 - Shutdown completed.
